<?xml version="1.0" encoding="UTF-8"?>
<!-- Generated by org.testng.reporters.JUnitReportReporter -->
<testsuite skipped="0" hostname="DESKTOP-GHD7SM5" name="TestNG.DragSlider" tests="1" failures="0" timestamp="03 Jan 2025 02:11:25 GMT" time="8.254" errors="0">
  <testcase name="DragSlider" time="8.254" classname="TestNG.DragSlider"/>
</testsuite> <!-- TestNG.DragSlider -->
