<?xml version="1.0" encoding="UTF-8"?>
<!-- Generated by org.testng.reporters.JUnitReportReporter -->
<testsuite skipped="0" hostname="DESKTOP-GHD7SM5" name="TestNG.VerifyRadioButton" tests="4" failures="0" timestamp="28 Dec 2024 02:27:14 GMT" time="0.027" errors="4">
  <testcase name="OpenBrowser" time="0.014" classname="TestNG.VerifyRadioButton">
    <error type="java.lang.StackOverflowError">
      <![CDATA[java.lang.StackOverflowError
at TestNG.VerifyRadioButton.OpenBrowser(VerifyRadioButton.java:17)
at TestNG.VerifyRadioButton.OpenBrowser(VerifyRadioButton.java:17)
at TestNG.VerifyRadioButton.OpenBrowser(VerifyRadioButton.java:17)
at TestNG.VerifyRadioButton.OpenBrowser(VerifyRadioButton.java:17)
at TestNG.VerifyRadioButton.OpenBrowser(VerifyRadioButton.java:17)
at TestNG.VerifyRadioButton.OpenBrowser(VerifyRadioButton.java:17)
at TestNG.VerifyRadioButton.OpenBrowser(VerifyRadioButton.java:17)
at TestNG.VerifyRadioButton.OpenBrowser(VerifyRadioButton.java:17)
at TestNG.VerifyRadioButton.OpenBrowser(VerifyRadioButton.java:17)
at TestNG.VerifyRadioButton.OpenBrowser(VerifyRadioButton.java:17)
at TestNG.VerifyRadioButton.OpenBrowser(VerifyRadioButton.java:17)
at TestNG.VerifyRadioButton.OpenBrowser(VerifyRadioButton.java:17)
at TestNG.VerifyRadioButton.OpenBrowser(VerifyRadioButton.java:17)
at TestNG.VerifyRadioButton.OpenBrowser(VerifyRadioButton.java:17)
at TestNG.VerifyRadioButton.OpenBrowser(VerifyRadioButton.java:17)
at TestNG.VerifyRadioButton.OpenBrowser(VerifyRadioButton.java:17)
at TestNG.VerifyRadioButton.OpenBrowser(VerifyRadioButton.java:17)
at TestNG.VerifyRadioButton.OpenBrowser(VerifyRadioButton.java:17)
at TestNG.VerifyRadioButton.OpenBrowser(VerifyRadioButton.java:17)
at TestNG.VerifyRadioButton.OpenBrowser(VerifyRadioButton.java:17)
at TestNG.VerifyRadioButton.OpenBrowser(VerifyRadioButton.java:17)
at TestNG.VerifyRadioButton.OpenBrowser(VerifyRadioButton.java:17)
at TestNG.VerifyRadioButton.OpenBrowser(VerifyRadioButton.java:17)
at TestNG.VerifyRadioButton.OpenBrowser(VerifyRadioButton.java:17)
at TestNG.VerifyRadioButton.OpenBrowser(VerifyRadioButton.java:17)
at TestNG.VerifyRadioButton.OpenBrowser(VerifyRadioButton.java:17)
at TestNG.VerifyRadioButton.OpenBrowser(VerifyRadioButton.java:17)
at TestNG.VerifyRadioButton.OpenBrowser(VerifyRadioButton.java:17)
at TestNG.VerifyRadioButton.OpenBrowser(VerifyRadioButton.java:17)
at TestNG.VerifyRadioButton.OpenBrowser(VerifyRadioButton.java:17)
at TestNG.VerifyRadioButton.OpenBrowser(VerifyRadioButton.java:17)
at TestNG.VerifyRadioButton.OpenBrowser(VerifyRadioButton.java:17)
at TestNG.VerifyRadioButton.OpenBrowser(VerifyRadioButton.java:17)
at TestNG.VerifyRadioButton.OpenBrowser(VerifyRadioButton.java:17)
at TestNG.VerifyRadioButton.OpenBrowser(VerifyRadioButton.java:17)
at TestNG.VerifyRadioButton.OpenBrowser(VerifyRadioButton.java:17)
at TestNG.VerifyRadioButton.OpenBrowser(VerifyRadioButton.java:17)
at TestNG.VerifyRadioButton.OpenBrowser(VerifyRadioButton.java:17)
at TestNG.VerifyRadioButton.OpenBrowser(VerifyRadioButton.java:17)
at TestNG.VerifyRadioButton.OpenBrowser(VerifyRadioButton.java:17)
at TestNG.VerifyRadioButton.OpenBrowser(VerifyRadioButton.java:17)
at TestNG.VerifyRadioButton.OpenBrowser(VerifyRadioButton.java:17)
at TestNG.VerifyRadioButton.OpenBrowser(VerifyRadioButton.java:17)
at TestNG.VerifyRadioButton.OpenBrowser(VerifyRadioButton.java:17)
at TestNG.VerifyRadioButton.OpenBrowser(VerifyRadioButton.java:17)
at TestNG.VerifyRadioButton.OpenBrowser(VerifyRadioButton.java:17)
at TestNG.VerifyRadioButton.OpenBrowser(VerifyRadioButton.java:17)
at TestNG.VerifyRadioButton.OpenBrowser(VerifyRadioButton.java:17)
at TestNG.VerifyRadioButton.OpenBrowser(VerifyRadioButton.java:17)
at TestNG.VerifyRadioButton.OpenBrowser(VerifyRadioButton.java:17)
at TestNG.VerifyRadioButton.OpenBrowser(VerifyRadioButton.java:17)
at TestNG.VerifyRadioButton.OpenBrowser(VerifyRadioButton.java:17)
at TestNG.VerifyRadioButton.OpenBrowser(VerifyRadioButton.java:17)
at TestNG.VerifyRadioButton.OpenBrowser(VerifyRadioButton.java:17)
at TestNG.VerifyRadioButton.OpenBrowser(VerifyRadioButton.java:17)
at TestNG.VerifyRadioButton.OpenBrowser(VerifyRadioButton.java:17)
at TestNG.VerifyRadioButton.OpenBrowser(VerifyRadioButton.java:17)
at TestNG.VerifyRadioButton.OpenBrowser(VerifyRadioButton.java:17)
at TestNG.VerifyRadioButton.OpenBrowser(VerifyRadioButton.java:17)
at TestNG.VerifyRadioButton.OpenBrowser(VerifyRadioButton.java:17)
at TestNG.VerifyRadioButton.OpenBrowser(VerifyRadioButton.java:17)
at TestNG.VerifyRadioButton.OpenBrowser(VerifyRadioButton.java:17)
at TestNG.VerifyRadioButton.OpenBrowser(VerifyRadioButton.java:17)
at TestNG.VerifyRadioButton.OpenBrowser(VerifyRadioButton.java:17)
at TestNG.VerifyRadioButton.OpenBrowser(VerifyRadioButton.java:17)
at TestNG.VerifyRadioButton.OpenBrowser(VerifyRadioButton.java:17)
at TestNG.VerifyRadioButton.OpenBrowser(VerifyRadioButton.java:17)
at TestNG.VerifyRadioButton.OpenBrowser(VerifyRadioButton.java:17)
at TestNG.VerifyRadioButton.OpenBrowser(VerifyRadioButton.java:17)
at TestNG.VerifyRadioButton.OpenBrowser(VerifyRadioButton.java:17)
at TestNG.VerifyRadioButton.OpenBrowser(VerifyRadioButton.java:17)
at TestNG.VerifyRadioButton.OpenBrowser(VerifyRadioButton.java:17)
at TestNG.VerifyRadioButton.OpenBrowser(VerifyRadioButton.java:17)
at TestNG.VerifyRadioButton.OpenBrowser(VerifyRadioButton.java:17)
at TestNG.VerifyRadioButton.OpenBrowser(VerifyRadioButton.java:17)
at TestNG.VerifyRadioButton.OpenBrowser(VerifyRadioButton.java:17)
at TestNG.VerifyRadioButton.OpenBrowser(VerifyRadioButton.java:17)
at TestNG.VerifyRadioButton.OpenBrowser(VerifyRadioButton.java:17)
at TestNG.VerifyRadioButton.OpenBrowser(VerifyRadioButton.java:17)
at TestNG.VerifyRadioButton.OpenBrowser(VerifyRadioButton.java:17)
at TestNG.VerifyRadioButton.OpenBrowser(VerifyRadioButton.java:17)
at TestNG.VerifyRadioButton.OpenBrowser(VerifyRadioButton.java:17)
at TestNG.VerifyRadioButton.OpenBrowser(VerifyRadioButton.java:17)
at TestNG.VerifyRadioButton.OpenBrowser(VerifyRadioButton.java:17)
at TestNG.VerifyRadioButton.OpenBrowser(VerifyRadioButton.java:17)
at TestNG.VerifyRadioButton.OpenBrowser(VerifyRadioButton.java:17)
at TestNG.VerifyRadioButton.OpenBrowser(VerifyRadioButton.java:17)
at TestNG.VerifyRadioButton.OpenBrowser(VerifyRadioButton.java:17)
at TestNG.VerifyRadioButton.OpenBrowser(VerifyRadioButton.java:17)
at TestNG.VerifyRadioButton.OpenBrowser(VerifyRadioButton.java:17)
at TestNG.VerifyRadioButton.OpenBrowser(VerifyRadioButton.java:17)
at TestNG.VerifyRadioButton.OpenBrowser(VerifyRadioButton.java:17)
at TestNG.VerifyRadioButton.OpenBrowser(VerifyRadioButton.java:17)
at TestNG.VerifyRadioButton.OpenBrowser(VerifyRadioButton.java:17)
at TestNG.VerifyRadioButton.OpenBrowser(VerifyRadioButton.java:17)
at TestNG.VerifyRadioButton.OpenBrowser(VerifyRadioButton.java:17)
at TestNG.VerifyRadioButton.OpenBrowser(VerifyRadioButton.java:17)
at TestNG.VerifyRadioButton.OpenBrowser(VerifyRadioButton.java:17)
at TestNG.VerifyRadioButton.OpenBrowser(VerifyRadioButton.java:17)
at TestNG.VerifyRadioButton.OpenBrowser(VerifyRadioButton.java:17)
at TestNG.VerifyRadioButton.OpenBrowser(VerifyRadioButton.java:17)
at TestNG.VerifyRadioButton.OpenBrowser(VerifyRadioButton.java:17)
at TestNG.VerifyRadioButton.OpenBrowser(VerifyRadioButton.java:17)
at TestNG.VerifyRadioButton.OpenBrowser(VerifyRadioButton.java:17)
at TestNG.VerifyRadioButton.OpenBrowser(VerifyRadioButton.java:17)
at TestNG.VerifyRadioButton.OpenBrowser(VerifyRadioButton.java:17)
at TestNG.VerifyRadioButton.OpenBrowser(VerifyRadioButton.java:17)
at TestNG.VerifyRadioButton.OpenBrowser(VerifyRadioButton.java:17)
at TestNG.VerifyRadioButton.OpenBrowser(VerifyRadioButton.java:17)
at TestNG.VerifyRadioButton.OpenBrowser(VerifyRadioButton.java:17)
at TestNG.VerifyRadioButton.OpenBrowser(VerifyRadioButton.java:17)
at TestNG.VerifyRadioButton.OpenBrowser(VerifyRadioButton.java:17)
at TestNG.VerifyRadioButton.OpenBrowser(VerifyRadioButton.java:17)
at TestNG.VerifyRadioButton.OpenBrowser(VerifyRadioButton.java:17)
at TestNG.VerifyRadioButton.OpenBrowser(VerifyRadioButton.java:17)
at TestNG.VerifyRadioButton.OpenBrowser(VerifyRadioButton.java:17)
at TestNG.VerifyRadioButton.OpenBrowser(VerifyRadioButton.java:17)
at TestNG.VerifyRadioButton.OpenBrowser(VerifyRadioButton.java:17)
at TestNG.VerifyRadioButton.OpenBrowser(VerifyRadioButton.java:17)
at TestNG.VerifyRadioButton.OpenBrowser(VerifyRadioButton.java:17)
at TestNG.VerifyRadioButton.OpenBrowser(VerifyRadioButton.java:17)
at TestNG.VerifyRadioButton.OpenBrowser(VerifyRadioButton.java:17)
at TestNG.VerifyRadioButton.OpenBrowser(VerifyRadioButton.java:17)
at TestNG.VerifyRadioButton.OpenBrowser(VerifyRadioButton.java:17)
at TestNG.VerifyRadioButton.OpenBrowser(VerifyRadioButton.java:17)
at TestNG.VerifyRadioButton.OpenBrowser(VerifyRadioButton.java:17)
at TestNG.VerifyRadioButton.OpenBrowser(VerifyRadioButton.java:17)
at TestNG.VerifyRadioButton.OpenBrowser(VerifyRadioButton.java:17)
at TestNG.VerifyRadioButton.OpenBrowser(VerifyRadioButton.java:17)
at TestNG.VerifyRadioButton.OpenBrowser(VerifyRadioButton.java:17)
at TestNG.VerifyRadioButton.OpenBrowser(VerifyRadioButton.java:17)
at TestNG.VerifyRadioButton.OpenBrowser(VerifyRadioButton.java:17)
at TestNG.VerifyRadioButton.OpenBrowser(VerifyRadioButton.java:17)
at TestNG.VerifyRadioButton.OpenBrowser(VerifyRadioButton.java:17)
at TestNG.VerifyRadioButton.OpenBrowser(VerifyRadioButton.java:17)
at TestNG.VerifyRadioButton.OpenBrowser(VerifyRadioButton.java:17)
at TestNG.VerifyRadioButton.OpenBrowser(VerifyRadioButton.java:17)
at TestNG.VerifyRadioButton.OpenBrowser(VerifyRadioButton.java:17)
at TestNG.VerifyRadioButton.OpenBrowser(VerifyRadioButton.java:17)
at TestNG.VerifyRadioButton.OpenBrowser(VerifyRadioButton.java:17)
at TestNG.VerifyRadioButton.OpenBrowser(VerifyRadioButton.java:17)
at TestNG.VerifyRadioButton.OpenBrowser(VerifyRadioButton.java:17)
at TestNG.VerifyRadioButton.OpenBrowser(VerifyRadioButton.java:17)
at TestNG.VerifyRadioButton.OpenBrowser(VerifyRadioButton.java:17)
at TestNG.VerifyRadioButton.OpenBrowser(VerifyRadioButton.java:17)
at TestNG.VerifyRadioButton.OpenBrowser(VerifyRadioButton.java:17)
at TestNG.VerifyRadioButton.OpenBrowser(VerifyRadioButton.java:17)
at TestNG.VerifyRadioButton.OpenBrowser(VerifyRadioButton.java:17)
at TestNG.VerifyRadioButton.OpenBrowser(VerifyRadioButton.java:17)
at TestNG.VerifyRadioButton.OpenBrowser(VerifyRadioButton.java:17)
at TestNG.VerifyRadioButton.OpenBrowser(VerifyRadioButton.java:17)
at TestNG.VerifyRadioButton.OpenBrowser(VerifyRadioButton.java:17)
at TestNG.VerifyRadioButton.OpenBrowser(VerifyRadioButton.java:17)
at TestNG.VerifyRadioButton.OpenBrowser(VerifyRadioButton.java:17)
at TestNG.VerifyRadioButton.OpenBrowser(VerifyRadioButton.java:17)
at TestNG.VerifyRadioButton.OpenBrowser(VerifyRadioButton.java:17)
at TestNG.VerifyRadioButton.OpenBrowser(VerifyRadioButton.java:17)
at TestNG.VerifyRadioButton.OpenBrowser(VerifyRadioButton.java:17)
at TestNG.VerifyRadioButton.OpenBrowser(VerifyRadioButton.java:17)
at TestNG.VerifyRadioButton.OpenBrowser(VerifyRadioButton.java:17)
at TestNG.VerifyRadioButton.OpenBrowser(VerifyRadioButton.java:17)
at TestNG.VerifyRadioButton.OpenBrowser(VerifyRadioButton.java:17)
at TestNG.VerifyRadioButton.OpenBrowser(VerifyRadioButton.java:17)
at TestNG.VerifyRadioButton.OpenBrowser(VerifyRadioButton.java:17)
at TestNG.VerifyRadioButton.OpenBrowser(VerifyRadioButton.java:17)
at TestNG.VerifyRadioButton.OpenBrowser(VerifyRadioButton.java:17)
at TestNG.VerifyRadioButton.OpenBrowser(VerifyRadioButton.java:17)
at TestNG.VerifyRadioButton.OpenBrowser(VerifyRadioButton.java:17)
at TestNG.VerifyRadioButton.OpenBrowser(VerifyRadioButton.java:17)
at TestNG.VerifyRadioButton.OpenBrowser(VerifyRadioButton.java:17)
at TestNG.VerifyRadioButton.OpenBrowser(VerifyRadioButton.java:17)
at TestNG.VerifyRadioButton.OpenBrowser(VerifyRadioButton.java:17)
at TestNG.VerifyRadioButton.OpenBrowser(VerifyRadioButton.java:17)
at TestNG.VerifyRadioButton.OpenBrowser(VerifyRadioButton.java:17)
at TestNG.VerifyRadioButton.OpenBrowser(VerifyRadioButton.java:17)
at TestNG.VerifyRadioButton.OpenBrowser(VerifyRadioButton.java:17)
at TestNG.VerifyRadioButton.OpenBrowser(VerifyRadioButton.java:17)
at TestNG.VerifyRadioButton.OpenBrowser(VerifyRadioButton.java:17)
at TestNG.VerifyRadioButton.OpenBrowser(VerifyRadioButton.java:17)
at TestNG.VerifyRadioButton.OpenBrowser(VerifyRadioButton.java:17)
at TestNG.VerifyRadioButton.OpenBrowser(VerifyRadioButton.java:17)
at TestNG.VerifyRadioButton.OpenBrowser(VerifyRadioButton.java:17)
at TestNG.VerifyRadioButton.OpenBrowser(VerifyRadioButton.java:17)
at TestNG.VerifyRadioButton.OpenBrowser(VerifyRadioButton.java:17)
at TestNG.VerifyRadioButton.OpenBrowser(VerifyRadioButton.java:17)
at TestNG.VerifyRadioButton.OpenBrowser(VerifyRadioButton.java:17)
at TestNG.VerifyRadioButton.OpenBrowser(VerifyRadioButton.java:17)
at TestNG.VerifyRadioButton.OpenBrowser(VerifyRadioButton.java:17)
at TestNG.VerifyRadioButton.OpenBrowser(VerifyRadioButton.java:17)
at TestNG.VerifyRadioButton.OpenBrowser(VerifyRadioButton.java:17)
at TestNG.VerifyRadioButton.OpenBrowser(VerifyRadioButton.java:17)
at TestNG.VerifyRadioButton.OpenBrowser(VerifyRadioButton.java:17)
at TestNG.VerifyRadioButton.OpenBrowser(VerifyRadioButton.java:17)
at TestNG.VerifyRadioButton.OpenBrowser(VerifyRadioButton.java:17)
at TestNG.VerifyRadioButton.OpenBrowser(VerifyRadioButton.java:17)
at TestNG.VerifyRadioButton.OpenBrowser(VerifyRadioButton.java:17)
at TestNG.VerifyRadioButton.OpenBrowser(VerifyRadioButton.java:17)
at TestNG.VerifyRadioButton.OpenBrowser(VerifyRadioButton.java:17)
at TestNG.VerifyRadioButton.OpenBrowser(VerifyRadioButton.java:17)
at TestNG.VerifyRadioButton.OpenBrowser(VerifyRadioButton.java:17)
at TestNG.VerifyRadioButton.OpenBrowser(VerifyRadioButton.java:17)
at TestNG.VerifyRadioButton.OpenBrowser(VerifyRadioButton.java:17)
at TestNG.VerifyRadioButton.OpenBrowser(VerifyRadioButton.java:17)
at TestNG.VerifyRadioButton.OpenBrowser(VerifyRadioButton.java:17)
at TestNG.VerifyRadioButton.OpenBrowser(VerifyRadioButton.java:17)
at TestNG.VerifyRadioButton.OpenBrowser(VerifyRadioButton.java:17)
at TestNG.VerifyRadioButton.OpenBrowser(VerifyRadioButton.java:17)
at TestNG.VerifyRadioButton.OpenBrowser(VerifyRadioButton.java:17)
at TestNG.VerifyRadioButton.OpenBrowser(VerifyRadioButton.java:17)
at TestNG.VerifyRadioButton.OpenBrowser(VerifyRadioButton.java:17)
at TestNG.VerifyRadioButton.OpenBrowser(VerifyRadioButton.java:17)
at TestNG.VerifyRadioButton.OpenBrowser(VerifyRadioButton.java:17)
at TestNG.VerifyRadioButton.OpenBrowser(VerifyRadioButton.java:17)
at TestNG.VerifyRadioButton.OpenBrowser(VerifyRadioButton.java:17)
at TestNG.VerifyRadioButton.OpenBrowser(VerifyRadioButton.java:17)
at TestNG.VerifyRadioButton.OpenBrowser(VerifyRadioButton.java:17)
at TestNG.VerifyRadioButton.OpenBrowser(VerifyRadioButton.java:17)
at TestNG.VerifyRadioButton.OpenBrowser(VerifyRadioButton.java:17)
at TestNG.VerifyRadioButton.OpenBrowser(VerifyRadioButton.java:17)
at TestNG.VerifyRadioButton.OpenBrowser(VerifyRadioButton.java:17)
at TestNG.VerifyRadioButton.OpenBrowser(VerifyRadioButton.java:17)
at TestNG.VerifyRadioButton.OpenBrowser(VerifyRadioButton.java:17)
at TestNG.VerifyRadioButton.OpenBrowser(VerifyRadioButton.java:17)
at TestNG.VerifyRadioButton.OpenBrowser(VerifyRadioButton.java:17)
at TestNG.VerifyRadioButton.OpenBrowser(VerifyRadioButton.java:17)
at TestNG.VerifyRadioButton.OpenBrowser(VerifyRadioButton.java:17)
at TestNG.VerifyRadioButton.OpenBrowser(VerifyRadioButton.java:17)
at TestNG.VerifyRadioButton.OpenBrowser(VerifyRadioButton.java:17)
at TestNG.VerifyRadioButton.OpenBrowser(VerifyRadioButton.java:17)
at TestNG.VerifyRadioButton.OpenBrowser(VerifyRadioButton.java:17)
at TestNG.VerifyRadioButton.OpenBrowser(VerifyRadioButton.java:17)
at TestNG.VerifyRadioButton.OpenBrowser(VerifyRadioButton.java:17)
at TestNG.VerifyRadioButton.OpenBrowser(VerifyRadioButton.java:17)
at TestNG.VerifyRadioButton.OpenBrowser(VerifyRadioButton.java:17)
at TestNG.VerifyRadioButton.OpenBrowser(VerifyRadioButton.java:17)
at TestNG.VerifyRadioButton.OpenBrowser(VerifyRadioButton.java:17)
at TestNG.VerifyRadioButton.OpenBrowser(VerifyRadioButton.java:17)
at TestNG.VerifyRadioButton.OpenBrowser(VerifyRadioButton.java:17)
at TestNG.VerifyRadioButton.OpenBrowser(VerifyRadioButton.java:17)
at TestNG.VerifyRadioButton.OpenBrowser(VerifyRadioButton.java:17)
at TestNG.VerifyRadioButton.OpenBrowser(VerifyRadioButton.java:17)
at TestNG.VerifyRadioButton.OpenBrowser(VerifyRadioButton.java:17)
at TestNG.VerifyRadioButton.OpenBrowser(VerifyRadioButton.java:17)
at TestNG.VerifyRadioButton.OpenBrowser(VerifyRadioButton.java:17)
at TestNG.VerifyRadioButton.OpenBrowser(VerifyRadioButton.java:17)
at TestNG.VerifyRadioButton.OpenBrowser(VerifyRadioButton.java:17)
at TestNG.VerifyRadioButton.OpenBrowser(VerifyRadioButton.java:17)
at TestNG.VerifyRadioButton.OpenBrowser(VerifyRadioButton.java:17)
at TestNG.VerifyRadioButton.OpenBrowser(VerifyRadioButton.java:17)
at TestNG.VerifyRadioButton.OpenBrowser(VerifyRadioButton.java:17)
at TestNG.VerifyRadioButton.OpenBrowser(VerifyRadioButton.java:17)
at TestNG.VerifyRadioButton.OpenBrowser(VerifyRadioButton.java:17)
at TestNG.VerifyRadioButton.OpenBrowser(VerifyRadioButton.java:17)
at TestNG.VerifyRadioButton.OpenBrowser(VerifyRadioButton.java:17)
at TestNG.VerifyRadioButton.OpenBrowser(VerifyRadioButton.java:17)
at TestNG.VerifyRadioButton.OpenBrowser(VerifyRadioButton.java:17)
at TestNG.VerifyRadioButton.OpenBrowser(VerifyRadioButton.java:17)
at TestNG.VerifyRadioButton.OpenBrowser(VerifyRadioButton.java:17)
at TestNG.VerifyRadioButton.OpenBrowser(VerifyRadioButton.java:17)
at TestNG.VerifyRadioButton.OpenBrowser(VerifyRadioButton.java:17)
at TestNG.VerifyRadioButton.OpenBrowser(VerifyRadioButton.java:17)
at TestNG.VerifyRadioButton.OpenBrowser(VerifyRadioButton.java:17)
at TestNG.VerifyRadioButton.OpenBrowser(VerifyRadioButton.java:17)
at TestNG.VerifyRadioButton.OpenBrowser(VerifyRadioButton.java:17)
at TestNG.VerifyRadioButton.OpenBrowser(VerifyRadioButton.java:17)
at TestNG.VerifyRadioButton.OpenBrowser(VerifyRadioButton.java:17)
at TestNG.VerifyRadioButton.OpenBrowser(VerifyRadioButton.java:17)
at TestNG.VerifyRadioButton.OpenBrowser(VerifyRadioButton.java:17)
at TestNG.VerifyRadioButton.OpenBrowser(VerifyRadioButton.java:17)
at TestNG.VerifyRadioButton.OpenBrowser(VerifyRadioButton.java:17)
at TestNG.VerifyRadioButton.OpenBrowser(VerifyRadioButton.java:17)
at TestNG.VerifyRadioButton.OpenBrowser(VerifyRadioButton.java:17)
at TestNG.VerifyRadioButton.OpenBrowser(VerifyRadioButton.java:17)
at TestNG.VerifyRadioButton.OpenBrowser(VerifyRadioButton.java:17)
at TestNG.VerifyRadioButton.OpenBrowser(VerifyRadioButton.java:17)
at TestNG.VerifyRadioButton.OpenBrowser(VerifyRadioButton.java:17)
at TestNG.VerifyRadioButton.OpenBrowser(VerifyRadioButton.java:17)
at TestNG.VerifyRadioButton.OpenBrowser(VerifyRadioButton.java:17)
at TestNG.VerifyRadioButton.OpenBrowser(VerifyRadioButton.java:17)
at TestNG.VerifyRadioButton.OpenBrowser(VerifyRadioButton.java:17)
at TestNG.VerifyRadioButton.OpenBrowser(VerifyRadioButton.java:17)
at TestNG.VerifyRadioButton.OpenBrowser(VerifyRadioButton.java:17)
at TestNG.VerifyRadioButton.OpenBrowser(VerifyRadioButton.java:17)
at TestNG.VerifyRadioButton.OpenBrowser(VerifyRadioButton.java:17)
at TestNG.VerifyRadioButton.OpenBrowser(VerifyRadioButton.java:17)
at TestNG.VerifyRadioButton.OpenBrowser(VerifyRadioButton.java:17)
at TestNG.VerifyRadioButton.OpenBrowser(VerifyRadioButton.java:17)
at TestNG.VerifyRadioButton.OpenBrowser(VerifyRadioButton.java:17)
at TestNG.VerifyRadioButton.OpenBrowser(VerifyRadioButton.java:17)
at TestNG.VerifyRadioButton.OpenBrowser(VerifyRadioButton.java:17)
at TestNG.VerifyRadioButton.OpenBrowser(VerifyRadioButton.java:17)
at TestNG.VerifyRadioButton.OpenBrowser(VerifyRadioButton.java:17)
at TestNG.VerifyRadioButton.OpenBrowser(VerifyRadioButton.java:17)
at TestNG.VerifyRadioButton.OpenBrowser(VerifyRadioButton.java:17)
at TestNG.VerifyRadioButton.OpenBrowser(VerifyRadioButton.java:17)
at TestNG.VerifyRadioButton.OpenBrowser(VerifyRadioButton.java:17)
at TestNG.VerifyRadioButton.OpenBrowser(VerifyRadioButton.java:17)
at TestNG.VerifyRadioButton.OpenBrowser(VerifyRadioButton.java:17)
at TestNG.VerifyRadioButton.OpenBrowser(VerifyRadioButton.java:17)
at TestNG.VerifyRadioButton.OpenBrowser(VerifyRadioButton.java:17)
at TestNG.VerifyRadioButton.OpenBrowser(VerifyRadioButton.java:17)
at TestNG.VerifyRadioButton.OpenBrowser(VerifyRadioButton.java:17)
at TestNG.VerifyRadioButton.OpenBrowser(VerifyRadioButton.java:17)
at TestNG.VerifyRadioButton.OpenBrowser(VerifyRadioButton.java:17)
at TestNG.VerifyRadioButton.OpenBrowser(VerifyRadioButton.java:17)
at TestNG.VerifyRadioButton.OpenBrowser(VerifyRadioButton.java:17)
at TestNG.VerifyRadioButton.OpenBrowser(VerifyRadioButton.java:17)
at TestNG.VerifyRadioButton.OpenBrowser(VerifyRadioButton.java:17)
at TestNG.VerifyRadioButton.OpenBrowser(VerifyRadioButton.java:17)
at TestNG.VerifyRadioButton.OpenBrowser(VerifyRadioButton.java:17)
at TestNG.VerifyRadioButton.OpenBrowser(VerifyRadioButton.java:17)
at TestNG.VerifyRadioButton.OpenBrowser(VerifyRadioButton.java:17)
at TestNG.VerifyRadioButton.OpenBrowser(VerifyRadioButton.java:17)
at TestNG.VerifyRadioButton.OpenBrowser(VerifyRadioButton.java:17)
at TestNG.VerifyRadioButton.OpenBrowser(VerifyRadioButton.java:17)
at TestNG.VerifyRadioButton.OpenBrowser(VerifyRadioButton.java:17)
at TestNG.VerifyRadioButton.OpenBrowser(VerifyRadioButton.java:17)
at TestNG.VerifyRadioButton.OpenBrowser(VerifyRadioButton.java:17)
at TestNG.VerifyRadioButton.OpenBrowser(VerifyRadioButton.java:17)
at TestNG.VerifyRadioButton.OpenBrowser(VerifyRadioButton.java:17)
at TestNG.VerifyRadioButton.OpenBrowser(VerifyRadioButton.java:17)
at TestNG.VerifyRadioButton.OpenBrowser(VerifyRadioButton.java:17)
at TestNG.VerifyRadioButton.OpenBrowser(VerifyRadioButton.java:17)
at TestNG.VerifyRadioButton.OpenBrowser(VerifyRadioButton.java:17)
at TestNG.VerifyRadioButton.OpenBrowser(VerifyRadioButton.java:17)
at TestNG.VerifyRadioButton.OpenBrowser(VerifyRadioButton.java:17)
at TestNG.VerifyRadioButton.OpenBrowser(VerifyRadioButton.java:17)
at TestNG.VerifyRadioButton.OpenBrowser(VerifyRadioButton.java:17)
at TestNG.VerifyRadioButton.OpenBrowser(VerifyRadioButton.java:17)
at TestNG.VerifyRadioButton.OpenBrowser(VerifyRadioButton.java:17)
at TestNG.VerifyRadioButton.OpenBrowser(VerifyRadioButton.java:17)
at TestNG.VerifyRadioButton.OpenBrowser(VerifyRadioButton.java:17)
at TestNG.VerifyRadioButton.OpenBrowser(VerifyRadioButton.java:17)
at TestNG.VerifyRadioButton.OpenBrowser(VerifyRadioButton.java:17)
at TestNG.VerifyRadioButton.OpenBrowser(VerifyRadioButton.java:17)
at TestNG.VerifyRadioButton.OpenBrowser(VerifyRadioButton.java:17)
at TestNG.VerifyRadioButton.OpenBrowser(VerifyRadioButton.java:17)
at TestNG.VerifyRadioButton.OpenBrowser(VerifyRadioButton.java:17)
at TestNG.VerifyRadioButton.OpenBrowser(VerifyRadioButton.java:17)
at TestNG.VerifyRadioButton.OpenBrowser(VerifyRadioButton.java:17)
at TestNG.VerifyRadioButton.OpenBrowser(VerifyRadioButton.java:17)
at TestNG.VerifyRadioButton.OpenBrowser(VerifyRadioButton.java:17)
at TestNG.VerifyRadioButton.OpenBrowser(VerifyRadioButton.java:17)
at TestNG.VerifyRadioButton.OpenBrowser(VerifyRadioButton.java:17)
at TestNG.VerifyRadioButton.OpenBrowser(VerifyRadioButton.java:17)
at TestNG.VerifyRadioButton.OpenBrowser(VerifyRadioButton.java:17)
at TestNG.VerifyRadioButton.OpenBrowser(VerifyRadioButton.java:17)
at TestNG.VerifyRadioButton.OpenBrowser(VerifyRadioButton.java:17)
at TestNG.VerifyRadioButton.OpenBrowser(VerifyRadioButton.java:17)
at TestNG.VerifyRadioButton.OpenBrowser(VerifyRadioButton.java:17)
at TestNG.VerifyRadioButton.OpenBrowser(VerifyRadioButton.java:17)
at TestNG.VerifyRadioButton.OpenBrowser(VerifyRadioButton.java:17)
at TestNG.VerifyRadioButton.OpenBrowser(VerifyRadioButton.java:17)
at TestNG.VerifyRadioButton.OpenBrowser(VerifyRadioButton.java:17)
at TestNG.VerifyRadioButton.OpenBrowser(VerifyRadioButton.java:17)
at TestNG.VerifyRadioButton.OpenBrowser(VerifyRadioButton.java:17)
at TestNG.VerifyRadioButton.OpenBrowser(VerifyRadioButton.java:17)
at TestNG.VerifyRadioButton.OpenBrowser(VerifyRadioButton.java:17)
at TestNG.VerifyRadioButton.OpenBrowser(VerifyRadioButton.java:17)
at TestNG.VerifyRadioButton.OpenBrowser(VerifyRadioButton.java:17)
at TestNG.VerifyRadioButton.OpenBrowser(VerifyRadioButton.java:17)
at TestNG.VerifyRadioButton.OpenBrowser(VerifyRadioButton.java:17)
at TestNG.VerifyRadioButton.OpenBrowser(VerifyRadioButton.java:17)
at TestNG.VerifyRadioButton.OpenBrowser(VerifyRadioButton.java:17)
at TestNG.VerifyRadioButton.OpenBrowser(VerifyRadioButton.java:17)
at TestNG.VerifyRadioButton.OpenBrowser(VerifyRadioButton.java:17)
at TestNG.VerifyRadioButton.OpenBrowser(VerifyRadioButton.java:17)
at TestNG.VerifyRadioButton.OpenBrowser(VerifyRadioButton.java:17)
at TestNG.VerifyRadioButton.OpenBrowser(VerifyRadioButton.java:17)
at TestNG.VerifyRadioButton.OpenBrowser(VerifyRadioButton.java:17)
at TestNG.VerifyRadioButton.OpenBrowser(VerifyRadioButton.java:17)
at TestNG.VerifyRadioButton.OpenBrowser(VerifyRadioButton.java:17)
at TestNG.VerifyRadioButton.OpenBrowser(VerifyRadioButton.java:17)
at TestNG.VerifyRadioButton.OpenBrowser(VerifyRadioButton.java:17)
at TestNG.VerifyRadioButton.OpenBrowser(VerifyRadioButton.java:17)
at TestNG.VerifyRadioButton.OpenBrowser(VerifyRadioButton.java:17)
at TestNG.VerifyRadioButton.OpenBrowser(VerifyRadioButton.java:17)
at TestNG.VerifyRadioButton.OpenBrowser(VerifyRadioButton.java:17)
at TestNG.VerifyRadioButton.OpenBrowser(VerifyRadioButton.java:17)
at TestNG.VerifyRadioButton.OpenBrowser(VerifyRadioButton.java:17)
at TestNG.VerifyRadioButton.OpenBrowser(VerifyRadioButton.java:17)
at TestNG.VerifyRadioButton.OpenBrowser(VerifyRadioButton.java:17)
at TestNG.VerifyRadioButton.OpenBrowser(VerifyRadioButton.java:17)
at TestNG.VerifyRadioButton.OpenBrowser(VerifyRadioButton.java:17)
at TestNG.VerifyRadioButton.OpenBrowser(VerifyRadioButton.java:17)
at TestNG.VerifyRadioButton.OpenBrowser(VerifyRadioButton.java:17)
at TestNG.VerifyRadioButton.OpenBrowser(VerifyRadioButton.java:17)
at TestNG.VerifyRadioButton.OpenBrowser(VerifyRadioButton.java:17)
at TestNG.VerifyRadioButton.OpenBrowser(VerifyRadioButton.java:17)
at TestNG.VerifyRadioButton.OpenBrowser(VerifyRadioButton.java:17)
at TestNG.VerifyRadioButton.OpenBrowser(VerifyRadioButton.java:17)
at TestNG.VerifyRadioButton.OpenBrowser(VerifyRadioButton.java:17)
at TestNG.VerifyRadioButton.OpenBrowser(VerifyRadioButton.java:17)
at TestNG.VerifyRadioButton.OpenBrowser(VerifyRadioButton.java:17)
at TestNG.VerifyRadioButton.OpenBrowser(VerifyRadioButton.java:17)
at TestNG.VerifyRadioButton.OpenBrowser(VerifyRadioButton.java:17)
at TestNG.VerifyRadioButton.OpenBrowser(VerifyRadioButton.java:17)
at TestNG.VerifyRadioButton.OpenBrowser(VerifyRadioButton.java:17)
at TestNG.VerifyRadioButton.OpenBrowser(VerifyRadioButton.java:17)
at TestNG.VerifyRadioButton.OpenBrowser(VerifyRadioButton.java:17)
at TestNG.VerifyRadioButton.OpenBrowser(VerifyRadioButton.java:17)
at TestNG.VerifyRadioButton.OpenBrowser(VerifyRadioButton.java:17)
at TestNG.VerifyRadioButton.OpenBrowser(VerifyRadioButton.java:17)
at TestNG.VerifyRadioButton.OpenBrowser(VerifyRadioButton.java:17)
at TestNG.VerifyRadioButton.OpenBrowser(VerifyRadioButton.java:17)
at TestNG.VerifyRadioButton.OpenBrowser(VerifyRadioButton.java:17)
at TestNG.VerifyRadioButton.OpenBrowser(VerifyRadioButton.java:17)
at TestNG.VerifyRadioButton.OpenBrowser(VerifyRadioButton.java:17)
at TestNG.VerifyRadioButton.OpenBrowser(VerifyRadioButton.java:17)
at TestNG.VerifyRadioButton.OpenBrowser(VerifyRadioButton.java:17)
at TestNG.VerifyRadioButton.OpenBrowser(VerifyRadioButton.java:17)
at TestNG.VerifyRadioButton.OpenBrowser(VerifyRadioButton.java:17)
at TestNG.VerifyRadioButton.OpenBrowser(VerifyRadioButton.java:17)
at TestNG.VerifyRadioButton.OpenBrowser(VerifyRadioButton.java:17)
at TestNG.VerifyRadioButton.OpenBrowser(VerifyRadioButton.java:17)
at TestNG.VerifyRadioButton.OpenBrowser(VerifyRadioButton.java:17)
at TestNG.VerifyRadioButton.OpenBrowser(VerifyRadioButton.java:17)
at TestNG.VerifyRadioButton.OpenBrowser(VerifyRadioButton.java:17)
at TestNG.VerifyRadioButton.OpenBrowser(VerifyRadioButton.java:17)
at TestNG.VerifyRadioButton.OpenBrowser(VerifyRadioButton.java:17)
at TestNG.VerifyRadioButton.OpenBrowser(VerifyRadioButton.java:17)
at TestNG.VerifyRadioButton.OpenBrowser(VerifyRadioButton.java:17)
at TestNG.VerifyRadioButton.OpenBrowser(VerifyRadioButton.java:17)
at TestNG.VerifyRadioButton.OpenBrowser(VerifyRadioButton.java:17)
at TestNG.VerifyRadioButton.OpenBrowser(VerifyRadioButton.java:17)
at TestNG.VerifyRadioButton.OpenBrowser(VerifyRadioButton.java:17)
at TestNG.VerifyRadioButton.OpenBrowser(VerifyRadioButton.java:17)
at TestNG.VerifyRadioButton.OpenBrowser(VerifyRadioButton.java:17)
at TestNG.VerifyRadioButton.OpenBrowser(VerifyRadioButton.java:17)
at TestNG.VerifyRadioButton.OpenBrowser(VerifyRadioButton.java:17)
at TestNG.VerifyRadioButton.OpenBrowser(VerifyRadioButton.java:17)
at TestNG.VerifyRadioButton.OpenBrowser(VerifyRadioButton.java:17)
at TestNG.VerifyRadioButton.OpenBrowser(VerifyRadioButton.java:17)
at TestNG.VerifyRadioButton.OpenBrowser(VerifyRadioButton.java:17)
at TestNG.VerifyRadioButton.OpenBrowser(VerifyRadioButton.java:17)
at TestNG.VerifyRadioButton.OpenBrowser(VerifyRadioButton.java:17)
at TestNG.VerifyRadioButton.OpenBrowser(VerifyRadioButton.java:17)
at TestNG.VerifyRadioButton.OpenBrowser(VerifyRadioButton.java:17)
at TestNG.VerifyRadioButton.OpenBrowser(VerifyRadioButton.java:17)
at TestNG.VerifyRadioButton.OpenBrowser(VerifyRadioButton.java:17)
at TestNG.VerifyRadioButton.OpenBrowser(VerifyRadioButton.java:17)
at TestNG.VerifyRadioButton.OpenBrowser(VerifyRadioButton.java:17)
at TestNG.VerifyRadioButton.OpenBrowser(VerifyRadioButton.java:17)
at TestNG.VerifyRadioButton.OpenBrowser(VerifyRadioButton.java:17)
at TestNG.VerifyRadioButton.OpenBrowser(VerifyRadioButton.java:17)
at TestNG.VerifyRadioButton.OpenBrowser(VerifyRadioButton.java:17)
at TestNG.VerifyRadioButton.OpenBrowser(VerifyRadioButton.java:17)
at TestNG.VerifyRadioButton.OpenBrowser(VerifyRadioButton.java:17)
at TestNG.VerifyRadioButton.OpenBrowser(VerifyRadioButton.java:17)
at TestNG.VerifyRadioButton.OpenBrowser(VerifyRadioButton.java:17)
at TestNG.VerifyRadioButton.OpenBrowser(VerifyRadioButton.java:17)
at TestNG.VerifyRadioButton.OpenBrowser(VerifyRadioButton.java:17)
at TestNG.VerifyRadioButton.OpenBrowser(VerifyRadioButton.java:17)
at TestNG.VerifyRadioButton.OpenBrowser(VerifyRadioButton.java:17)
at TestNG.VerifyRadioButton.OpenBrowser(VerifyRadioButton.java:17)
at TestNG.VerifyRadioButton.OpenBrowser(VerifyRadioButton.java:17)
at TestNG.VerifyRadioButton.OpenBrowser(VerifyRadioButton.java:17)
at TestNG.VerifyRadioButton.OpenBrowser(VerifyRadioButton.java:17)
at TestNG.VerifyRadioButton.OpenBrowser(VerifyRadioButton.java:17)
at TestNG.VerifyRadioButton.OpenBrowser(VerifyRadioButton.java:17)
at TestNG.VerifyRadioButton.OpenBrowser(VerifyRadioButton.java:17)
at TestNG.VerifyRadioButton.OpenBrowser(VerifyRadioButton.java:17)
at TestNG.VerifyRadioButton.OpenBrowser(VerifyRadioButton.java:17)
at TestNG.VerifyRadioButton.OpenBrowser(VerifyRadioButton.java:17)
at TestNG.VerifyRadioButton.OpenBrowser(VerifyRadioButton.java:17)
at TestNG.VerifyRadioButton.OpenBrowser(VerifyRadioButton.java:17)
at TestNG.VerifyRadioButton.OpenBrowser(VerifyRadioButton.java:17)
at TestNG.VerifyRadioButton.OpenBrowser(VerifyRadioButton.java:17)
at TestNG.VerifyRadioButton.OpenBrowser(VerifyRadioButton.java:17)
at TestNG.VerifyRadioButton.OpenBrowser(VerifyRadioButton.java:17)
at TestNG.VerifyRadioButton.OpenBrowser(VerifyRadioButton.java:17)
at TestNG.VerifyRadioButton.OpenBrowser(VerifyRadioButton.java:17)
at TestNG.VerifyRadioButton.OpenBrowser(VerifyRadioButton.java:17)
at TestNG.VerifyRadioButton.OpenBrowser(VerifyRadioButton.java:17)
at TestNG.VerifyRadioButton.OpenBrowser(VerifyRadioButton.java:17)
at TestNG.VerifyRadioButton.OpenBrowser(VerifyRadioButton.java:17)
at TestNG.VerifyRadioButton.OpenBrowser(VerifyRadioButton.java:17)
at TestNG.VerifyRadioButton.OpenBrowser(VerifyRadioButton.java:17)
at TestNG.VerifyRadioButton.OpenBrowser(VerifyRadioButton.java:17)
at TestNG.VerifyRadioButton.OpenBrowser(VerifyRadioButton.java:17)
at TestNG.VerifyRadioButton.OpenBrowser(VerifyRadioButton.java:17)
at TestNG.VerifyRadioButton.OpenBrowser(VerifyRadioButton.java:17)
at TestNG.VerifyRadioButton.OpenBrowser(VerifyRadioButton.java:17)
at TestNG.VerifyRadioButton.OpenBrowser(VerifyRadioButton.java:17)
at TestNG.VerifyRadioButton.OpenBrowser(VerifyRadioButton.java:17)
at TestNG.VerifyRadioButton.OpenBrowser(VerifyRadioButton.java:17)
at TestNG.VerifyRadioButton.OpenBrowser(VerifyRadioButton.java:17)
at TestNG.VerifyRadioButton.OpenBrowser(VerifyRadioButton.java:17)
at TestNG.VerifyRadioButton.OpenBrowser(VerifyRadioButton.java:17)
at TestNG.VerifyRadioButton.OpenBrowser(VerifyRadioButton.java:17)
at TestNG.VerifyRadioButton.OpenBrowser(VerifyRadioButton.java:17)
at TestNG.VerifyRadioButton.OpenBrowser(VerifyRadioButton.java:17)
at TestNG.VerifyRadioButton.OpenBrowser(VerifyRadioButton.java:17)
at TestNG.VerifyRadioButton.OpenBrowser(VerifyRadioButton.java:17)
at TestNG.VerifyRadioButton.OpenBrowser(VerifyRadioButton.java:17)
at TestNG.VerifyRadioButton.OpenBrowser(VerifyRadioButton.java:17)
at TestNG.VerifyRadioButton.OpenBrowser(VerifyRadioButton.java:17)
at TestNG.VerifyRadioButton.OpenBrowser(VerifyRadioButton.java:17)
at TestNG.VerifyRadioButton.OpenBrowser(VerifyRadioButton.java:17)
at TestNG.VerifyRadioButton.OpenBrowser(VerifyRadioButton.java:17)
at TestNG.VerifyRadioButton.OpenBrowser(VerifyRadioButton.java:17)
at TestNG.VerifyRadioButton.OpenBrowser(VerifyRadioButton.java:17)
at TestNG.VerifyRadioButton.OpenBrowser(VerifyRadioButton.java:17)
at TestNG.VerifyRadioButton.OpenBrowser(VerifyRadioButton.java:17)
at TestNG.VerifyRadioButton.OpenBrowser(VerifyRadioButton.java:17)
at TestNG.VerifyRadioButton.OpenBrowser(VerifyRadioButton.java:17)
at TestNG.VerifyRadioButton.OpenBrowser(VerifyRadioButton.java:17)
at TestNG.VerifyRadioButton.OpenBrowser(VerifyRadioButton.java:17)
at TestNG.VerifyRadioButton.OpenBrowser(VerifyRadioButton.java:17)
at TestNG.VerifyRadioButton.OpenBrowser(VerifyRadioButton.java:17)
at TestNG.VerifyRadioButton.OpenBrowser(VerifyRadioButton.java:17)
at TestNG.VerifyRadioButton.OpenBrowser(VerifyRadioButton.java:17)
at TestNG.VerifyRadioButton.OpenBrowser(VerifyRadioButton.java:17)
at TestNG.VerifyRadioButton.OpenBrowser(VerifyRadioButton.java:17)
at TestNG.VerifyRadioButton.OpenBrowser(VerifyRadioButton.java:17)
at TestNG.VerifyRadioButton.OpenBrowser(VerifyRadioButton.java:17)
at TestNG.VerifyRadioButton.OpenBrowser(VerifyRadioButton.java:17)
at TestNG.VerifyRadioButton.OpenBrowser(VerifyRadioButton.java:17)
at TestNG.VerifyRadioButton.OpenBrowser(VerifyRadioButton.java:17)
at TestNG.VerifyRadioButton.OpenBrowser(VerifyRadioButton.java:17)
at TestNG.VerifyRadioButton.OpenBrowser(VerifyRadioButton.java:17)
at TestNG.VerifyRadioButton.OpenBrowser(VerifyRadioButton.java:17)
at TestNG.VerifyRadioButton.OpenBrowser(VerifyRadioButton.java:17)
at TestNG.VerifyRadioButton.OpenBrowser(VerifyRadioButton.java:17)
at TestNG.VerifyRadioButton.OpenBrowser(VerifyRadioButton.java:17)
at TestNG.VerifyRadioButton.OpenBrowser(VerifyRadioButton.java:17)
at TestNG.VerifyRadioButton.OpenBrowser(VerifyRadioButton.java:17)
at TestNG.VerifyRadioButton.OpenBrowser(VerifyRadioButton.java:17)
at TestNG.VerifyRadioButton.OpenBrowser(VerifyRadioButton.java:17)
at TestNG.VerifyRadioButton.OpenBrowser(VerifyRadioButton.java:17)
at TestNG.VerifyRadioButton.OpenBrowser(VerifyRadioButton.java:17)
at TestNG.VerifyRadioButton.OpenBrowser(VerifyRadioButton.java:17)
at TestNG.VerifyRadioButton.OpenBrowser(VerifyRadioButton.java:17)
at TestNG.VerifyRadioButton.OpenBrowser(VerifyRadioButton.java:17)
at TestNG.VerifyRadioButton.OpenBrowser(VerifyRadioButton.java:17)
at TestNG.VerifyRadioButton.OpenBrowser(VerifyRadioButton.java:17)
at TestNG.VerifyRadioButton.OpenBrowser(VerifyRadioButton.java:17)
at TestNG.VerifyRadioButton.OpenBrowser(VerifyRadioButton.java:17)
at TestNG.VerifyRadioButton.OpenBrowser(VerifyRadioButton.java:17)
at TestNG.VerifyRadioButton.OpenBrowser(VerifyRadioButton.java:17)
at TestNG.VerifyRadioButton.OpenBrowser(VerifyRadioButton.java:17)
at TestNG.VerifyRadioButton.OpenBrowser(VerifyRadioButton.java:17)
at TestNG.VerifyRadioButton.OpenBrowser(VerifyRadioButton.java:17)
at TestNG.VerifyRadioButton.OpenBrowser(VerifyRadioButton.java:17)
at TestNG.VerifyRadioButton.OpenBrowser(VerifyRadioButton.java:17)
at TestNG.VerifyRadioButton.OpenBrowser(VerifyRadioButton.java:17)
at TestNG.VerifyRadioButton.OpenBrowser(VerifyRadioButton.java:17)
at TestNG.VerifyRadioButton.OpenBrowser(VerifyRadioButton.java:17)
at TestNG.VerifyRadioButton.OpenBrowser(VerifyRadioButton.java:17)
at TestNG.VerifyRadioButton.OpenBrowser(VerifyRadioButton.java:17)
at TestNG.VerifyRadioButton.OpenBrowser(VerifyRadioButton.java:17)
at TestNG.VerifyRadioButton.OpenBrowser(VerifyRadioButton.java:17)
at TestNG.VerifyRadioButton.OpenBrowser(VerifyRadioButton.java:17)
at TestNG.VerifyRadioButton.OpenBrowser(VerifyRadioButton.java:17)
at TestNG.VerifyRadioButton.OpenBrowser(VerifyRadioButton.java:17)
at TestNG.VerifyRadioButton.OpenBrowser(VerifyRadioButton.java:17)
at TestNG.VerifyRadioButton.OpenBrowser(VerifyRadioButton.java:17)
at TestNG.VerifyRadioButton.OpenBrowser(VerifyRadioButton.java:17)
at TestNG.VerifyRadioButton.OpenBrowser(VerifyRadioButton.java:17)
at TestNG.VerifyRadioButton.OpenBrowser(VerifyRadioButton.java:17)
at TestNG.VerifyRadioButton.OpenBrowser(VerifyRadioButton.java:17)
at TestNG.VerifyRadioButton.OpenBrowser(VerifyRadioButton.java:17)
at TestNG.VerifyRadioButton.OpenBrowser(VerifyRadioButton.java:17)
at TestNG.VerifyRadioButton.OpenBrowser(VerifyRadioButton.java:17)
at TestNG.VerifyRadioButton.OpenBrowser(VerifyRadioButton.java:17)
at TestNG.VerifyRadioButton.OpenBrowser(VerifyRadioButton.java:17)
at TestNG.VerifyRadioButton.OpenBrowser(VerifyRadioButton.java:17)
at TestNG.VerifyRadioButton.OpenBrowser(VerifyRadioButton.java:17)
at TestNG.VerifyRadioButton.OpenBrowser(VerifyRadioButton.java:17)
at TestNG.VerifyRadioButton.OpenBrowser(VerifyRadioButton.java:17)
at TestNG.VerifyRadioButton.OpenBrowser(VerifyRadioButton.java:17)
at TestNG.VerifyRadioButton.OpenBrowser(VerifyRadioButton.java:17)
at TestNG.VerifyRadioButton.OpenBrowser(VerifyRadioButton.java:17)
at TestNG.VerifyRadioButton.OpenBrowser(VerifyRadioButton.java:17)
at TestNG.VerifyRadioButton.OpenBrowser(VerifyRadioButton.java:17)
at TestNG.VerifyRadioButton.OpenBrowser(VerifyRadioButton.java:17)
at TestNG.VerifyRadioButton.OpenBrowser(VerifyRadioButton.java:17)
at TestNG.VerifyRadioButton.OpenBrowser(VerifyRadioButton.java:17)
at TestNG.VerifyRadioButton.OpenBrowser(VerifyRadioButton.java:17)
at TestNG.VerifyRadioButton.OpenBrowser(VerifyRadioButton.java:17)
at TestNG.VerifyRadioButton.OpenBrowser(VerifyRadioButton.java:17)
at TestNG.VerifyRadioButton.OpenBrowser(VerifyRadioButton.java:17)
at TestNG.VerifyRadioButton.OpenBrowser(VerifyRadioButton.java:17)
at TestNG.VerifyRadioButton.OpenBrowser(VerifyRadioButton.java:17)
at TestNG.VerifyRadioButton.OpenBrowser(VerifyRadioButton.java:17)
at TestNG.VerifyRadioButton.OpenBrowser(VerifyRadioButton.java:17)
at TestNG.VerifyRadioButton.OpenBrowser(VerifyRadioButton.java:17)
at TestNG.VerifyRadioButton.OpenBrowser(VerifyRadioButton.java:17)
at TestNG.VerifyRadioButton.OpenBrowser(VerifyRadioButton.java:17)
at TestNG.VerifyRadioButton.OpenBrowser(VerifyRadioButton.java:17)
at TestNG.VerifyRadioButton.OpenBrowser(VerifyRadioButton.java:17)
at TestNG.VerifyRadioButton.OpenBrowser(VerifyRadioButton.java:17)
at TestNG.VerifyRadioButton.OpenBrowser(VerifyRadioButton.java:17)
at TestNG.VerifyRadioButton.OpenBrowser(VerifyRadioButton.java:17)
at TestNG.VerifyRadioButton.OpenBrowser(VerifyRadioButton.java:17)
at TestNG.VerifyRadioButton.OpenBrowser(VerifyRadioButton.java:17)
at TestNG.VerifyRadioButton.OpenBrowser(VerifyRadioButton.java:17)
at TestNG.VerifyRadioButton.OpenBrowser(VerifyRadioButton.java:17)
at TestNG.VerifyRadioButton.OpenBrowser(VerifyRadioButton.java:17)
at TestNG.VerifyRadioButton.OpenBrowser(VerifyRadioButton.java:17)
at TestNG.VerifyRadioButton.OpenBrowser(VerifyRadioButton.java:17)
at TestNG.VerifyRadioButton.OpenBrowser(VerifyRadioButton.java:17)
at TestNG.VerifyRadioButton.OpenBrowser(VerifyRadioButton.java:17)
at TestNG.VerifyRadioButton.OpenBrowser(VerifyRadioButton.java:17)
at TestNG.VerifyRadioButton.OpenBrowser(VerifyRadioButton.java:17)
at TestNG.VerifyRadioButton.OpenBrowser(VerifyRadioButton.java:17)
at TestNG.VerifyRadioButton.OpenBrowser(VerifyRadioButton.java:17)
at TestNG.VerifyRadioButton.OpenBrowser(VerifyRadioButton.java:17)
at TestNG.VerifyRadioButton.OpenBrowser(VerifyRadioButton.java:17)
at TestNG.VerifyRadioButton.OpenBrowser(VerifyRadioButton.java:17)
at TestNG.VerifyRadioButton.OpenBrowser(VerifyRadioButton.java:17)
at TestNG.VerifyRadioButton.OpenBrowser(VerifyRadioButton.java:17)
at TestNG.VerifyRadioButton.OpenBrowser(VerifyRadioButton.java:17)
at TestNG.VerifyRadioButton.OpenBrowser(VerifyRadioButton.java:17)
at TestNG.VerifyRadioButton.OpenBrowser(VerifyRadioButton.java:17)
at TestNG.VerifyRadioButton.OpenBrowser(VerifyRadioButton.java:17)
at TestNG.VerifyRadioButton.OpenBrowser(VerifyRadioButton.java:17)
at TestNG.VerifyRadioButton.OpenBrowser(VerifyRadioButton.java:17)
at TestNG.VerifyRadioButton.OpenBrowser(VerifyRadioButton.java:17)
at TestNG.VerifyRadioButton.OpenBrowser(VerifyRadioButton.java:17)
at TestNG.VerifyRadioButton.OpenBrowser(VerifyRadioButton.java:17)
at TestNG.VerifyRadioButton.OpenBrowser(VerifyRadioButton.java:17)
at TestNG.VerifyRadioButton.OpenBrowser(VerifyRadioButton.java:17)
at TestNG.VerifyRadioButton.OpenBrowser(VerifyRadioButton.java:17)
at TestNG.VerifyRadioButton.OpenBrowser(VerifyRadioButton.java:17)
at TestNG.VerifyRadioButton.OpenBrowser(VerifyRadioButton.java:17)
at TestNG.VerifyRadioButton.OpenBrowser(VerifyRadioButton.java:17)
at TestNG.VerifyRadioButton.OpenBrowser(VerifyRadioButton.java:17)
at TestNG.VerifyRadioButton.OpenBrowser(VerifyRadioButton.java:17)
at TestNG.VerifyRadioButton.OpenBrowser(VerifyRadioButton.java:17)
at TestNG.VerifyRadioButton.OpenBrowser(VerifyRadioButton.java:17)
at TestNG.VerifyRadioButton.OpenBrowser(VerifyRadioButton.java:17)
at TestNG.VerifyRadioButton.OpenBrowser(VerifyRadioButton.java:17)
at TestNG.VerifyRadioButton.OpenBrowser(VerifyRadioButton.java:17)
at TestNG.VerifyRadioButton.OpenBrowser(VerifyRadioButton.java:17)
at TestNG.VerifyRadioButton.OpenBrowser(VerifyRadioButton.java:17)
at TestNG.VerifyRadioButton.OpenBrowser(VerifyRadioButton.java:17)
at TestNG.VerifyRadioButton.OpenBrowser(VerifyRadioButton.java:17)
at TestNG.VerifyRadioButton.OpenBrowser(VerifyRadioButton.java:17)
at TestNG.VerifyRadioButton.OpenBrowser(VerifyRadioButton.java:17)
at TestNG.VerifyRadioButton.OpenBrowser(VerifyRadioButton.java:17)
at TestNG.VerifyRadioButton.OpenBrowser(VerifyRadioButton.java:17)
at TestNG.VerifyRadioButton.OpenBrowser(VerifyRadioButton.java:17)
at TestNG.VerifyRadioButton.OpenBrowser(VerifyRadioButton.java:17)
at TestNG.VerifyRadioButton.OpenBrowser(VerifyRadioButton.java:17)
at TestNG.VerifyRadioButton.OpenBrowser(VerifyRadioButton.java:17)
at TestNG.VerifyRadioButton.OpenBrowser(VerifyRadioButton.java:17)
at TestNG.VerifyRadioButton.OpenBrowser(VerifyRadioButton.java:17)
at TestNG.VerifyRadioButton.OpenBrowser(VerifyRadioButton.java:17)
at TestNG.VerifyRadioButton.OpenBrowser(VerifyRadioButton.java:17)
at TestNG.VerifyRadioButton.OpenBrowser(VerifyRadioButton.java:17)
at TestNG.VerifyRadioButton.OpenBrowser(VerifyRadioButton.java:17)
at TestNG.VerifyRadioButton.OpenBrowser(VerifyRadioButton.java:17)
at TestNG.VerifyRadioButton.OpenBrowser(VerifyRadioButton.java:17)
at TestNG.VerifyRadioButton.OpenBrowser(VerifyRadioButton.java:17)
at TestNG.VerifyRadioButton.OpenBrowser(VerifyRadioButton.java:17)
at TestNG.VerifyRadioButton.OpenBrowser(VerifyRadioButton.java:17)
at TestNG.VerifyRadioButton.OpenBrowser(VerifyRadioButton.java:17)
at TestNG.VerifyRadioButton.OpenBrowser(VerifyRadioButton.java:17)
at TestNG.VerifyRadioButton.OpenBrowser(VerifyRadioButton.java:17)
at TestNG.VerifyRadioButton.OpenBrowser(VerifyRadioButton.java:17)
at TestNG.VerifyRadioButton.OpenBrowser(VerifyRadioButton.java:17)
at TestNG.VerifyRadioButton.OpenBrowser(VerifyRadioButton.java:17)
at TestNG.VerifyRadioButton.OpenBrowser(VerifyRadioButton.java:17)
at TestNG.VerifyRadioButton.OpenBrowser(VerifyRadioButton.java:17)
at TestNG.VerifyRadioButton.OpenBrowser(VerifyRadioButton.java:17)
at TestNG.VerifyRadioButton.OpenBrowser(VerifyRadioButton.java:17)
at TestNG.VerifyRadioButton.OpenBrowser(VerifyRadioButton.java:17)
at TestNG.VerifyRadioButton.OpenBrowser(VerifyRadioButton.java:17)
at TestNG.VerifyRadioButton.OpenBrowser(VerifyRadioButton.java:17)
at TestNG.VerifyRadioButton.OpenBrowser(VerifyRadioButton.java:17)
at TestNG.VerifyRadioButton.OpenBrowser(VerifyRadioButton.java:17)
at TestNG.VerifyRadioButton.OpenBrowser(VerifyRadioButton.java:17)
at TestNG.VerifyRadioButton.OpenBrowser(VerifyRadioButton.java:17)
at TestNG.VerifyRadioButton.OpenBrowser(VerifyRadioButton.java:17)
at TestNG.VerifyRadioButton.OpenBrowser(VerifyRadioButton.java:17)
at TestNG.VerifyRadioButton.OpenBrowser(VerifyRadioButton.java:17)
at TestNG.VerifyRadioButton.OpenBrowser(VerifyRadioButton.java:17)
at TestNG.VerifyRadioButton.OpenBrowser(VerifyRadioButton.java:17)
at TestNG.VerifyRadioButton.OpenBrowser(VerifyRadioButton.java:17)
at TestNG.VerifyRadioButton.OpenBrowser(VerifyRadioButton.java:17)
at TestNG.VerifyRadioButton.OpenBrowser(VerifyRadioButton.java:17)
at TestNG.VerifyRadioButton.OpenBrowser(VerifyRadioButton.java:17)
at TestNG.VerifyRadioButton.OpenBrowser(VerifyRadioButton.java:17)
at TestNG.VerifyRadioButton.OpenBrowser(VerifyRadioButton.java:17)
at TestNG.VerifyRadioButton.OpenBrowser(VerifyRadioButton.java:17)
at TestNG.VerifyRadioButton.OpenBrowser(VerifyRadioButton.java:17)
at TestNG.VerifyRadioButton.OpenBrowser(VerifyRadioButton.java:17)
at TestNG.VerifyRadioButton.OpenBrowser(VerifyRadioButton.java:17)
at TestNG.VerifyRadioButton.OpenBrowser(VerifyRadioButton.java:17)
at TestNG.VerifyRadioButton.OpenBrowser(VerifyRadioButton.java:17)
at TestNG.VerifyRadioButton.OpenBrowser(VerifyRadioButton.java:17)
at TestNG.VerifyRadioButton.OpenBrowser(VerifyRadioButton.java:17)
at TestNG.VerifyRadioButton.OpenBrowser(VerifyRadioButton.java:17)
at TestNG.VerifyRadioButton.OpenBrowser(VerifyRadioButton.java:17)
at TestNG.VerifyRadioButton.OpenBrowser(VerifyRadioButton.java:17)
at TestNG.VerifyRadioButton.OpenBrowser(VerifyRadioButton.java:17)
at TestNG.VerifyRadioButton.OpenBrowser(VerifyRadioButton.java:17)
at TestNG.VerifyRadioButton.OpenBrowser(VerifyRadioButton.java:17)
at TestNG.VerifyRadioButton.OpenBrowser(VerifyRadioButton.java:17)
at TestNG.VerifyRadioButton.OpenBrowser(VerifyRadioButton.java:17)
at TestNG.VerifyRadioButton.OpenBrowser(VerifyRadioButton.java:17)
at TestNG.VerifyRadioButton.OpenBrowser(VerifyRadioButton.java:17)
at TestNG.VerifyRadioButton.OpenBrowser(VerifyRadioButton.java:17)
at TestNG.VerifyRadioButton.OpenBrowser(VerifyRadioButton.java:17)
at TestNG.VerifyRadioButton.OpenBrowser(VerifyRadioButton.java:17)
at TestNG.VerifyRadioButton.OpenBrowser(VerifyRadioButton.java:17)
at TestNG.VerifyRadioButton.OpenBrowser(VerifyRadioButton.java:17)
at TestNG.VerifyRadioButton.OpenBrowser(VerifyRadioButton.java:17)
at TestNG.VerifyRadioButton.OpenBrowser(VerifyRadioButton.java:17)
at TestNG.VerifyRadioButton.OpenBrowser(VerifyRadioButton.java:17)
at TestNG.VerifyRadioButton.OpenBrowser(VerifyRadioButton.java:17)
at TestNG.VerifyRadioButton.OpenBrowser(VerifyRadioButton.java:17)
at TestNG.VerifyRadioButton.OpenBrowser(VerifyRadioButton.java:17)
at TestNG.VerifyRadioButton.OpenBrowser(VerifyRadioButton.java:17)
at TestNG.VerifyRadioButton.OpenBrowser(VerifyRadioButton.java:17)
at TestNG.VerifyRadioButton.OpenBrowser(VerifyRadioButton.java:17)
at TestNG.VerifyRadioButton.OpenBrowser(VerifyRadioButton.java:17)
at TestNG.VerifyRadioButton.OpenBrowser(VerifyRadioButton.java:17)
at TestNG.VerifyRadioButton.OpenBrowser(VerifyRadioButton.java:17)
at TestNG.VerifyRadioButton.OpenBrowser(VerifyRadioButton.java:17)
at TestNG.VerifyRadioButton.OpenBrowser(VerifyRadioButton.java:17)
at TestNG.VerifyRadioButton.OpenBrowser(VerifyRadioButton.java:17)
at TestNG.VerifyRadioButton.OpenBrowser(VerifyRadioButton.java:17)
at TestNG.VerifyRadioButton.OpenBrowser(VerifyRadioButton.java:17)
at TestNG.VerifyRadioButton.OpenBrowser(VerifyRadioButton.java:17)
at TestNG.VerifyRadioButton.OpenBrowser(VerifyRadioButton.java:17)
at TestNG.VerifyRadioButton.OpenBrowser(VerifyRadioButton.java:17)
at TestNG.VerifyRadioButton.OpenBrowser(VerifyRadioButton.java:17)
at TestNG.VerifyRadioButton.OpenBrowser(VerifyRadioButton.java:17)
at TestNG.VerifyRadioButton.OpenBrowser(VerifyRadioButton.java:17)
at TestNG.VerifyRadioButton.OpenBrowser(VerifyRadioButton.java:17)
at TestNG.VerifyRadioButton.OpenBrowser(VerifyRadioButton.java:17)
at TestNG.VerifyRadioButton.OpenBrowser(VerifyRadioButton.java:17)
at TestNG.VerifyRadioButton.OpenBrowser(VerifyRadioButton.java:17)
at TestNG.VerifyRadioButton.OpenBrowser(VerifyRadioButton.java:17)
at TestNG.VerifyRadioButton.OpenBrowser(VerifyRadioButton.java:17)
at TestNG.VerifyRadioButton.OpenBrowser(VerifyRadioButton.java:17)
at TestNG.VerifyRadioButton.OpenBrowser(VerifyRadioButton.java:17)
at TestNG.VerifyRadioButton.OpenBrowser(VerifyRadioButton.java:17)
at TestNG.VerifyRadioButton.OpenBrowser(VerifyRadioButton.java:17)
at TestNG.VerifyRadioButton.OpenBrowser(VerifyRadioButton.java:17)
at TestNG.VerifyRadioButton.OpenBrowser(VerifyRadioButton.java:17)
at TestNG.VerifyRadioButton.OpenBrowser(VerifyRadioButton.java:17)
at TestNG.VerifyRadioButton.OpenBrowser(VerifyRadioButton.java:17)
at TestNG.VerifyRadioButton.OpenBrowser(VerifyRadioButton.java:17)
at TestNG.VerifyRadioButton.OpenBrowser(VerifyRadioButton.java:17)
at TestNG.VerifyRadioButton.OpenBrowser(VerifyRadioButton.java:17)
at TestNG.VerifyRadioButton.OpenBrowser(VerifyRadioButton.java:17)
at TestNG.VerifyRadioButton.OpenBrowser(VerifyRadioButton.java:17)
at TestNG.VerifyRadioButton.OpenBrowser(VerifyRadioButton.java:17)
at TestNG.VerifyRadioButton.OpenBrowser(VerifyRadioButton.java:17)
at TestNG.VerifyRadioButton.OpenBrowser(VerifyRadioButton.java:17)
at TestNG.VerifyRadioButton.OpenBrowser(VerifyRadioButton.java:17)
at TestNG.VerifyRadioButton.OpenBrowser(VerifyRadioButton.java:17)
at TestNG.VerifyRadioButton.OpenBrowser(VerifyRadioButton.java:17)
at TestNG.VerifyRadioButton.OpenBrowser(VerifyRadioButton.java:17)
at TestNG.VerifyRadioButton.OpenBrowser(VerifyRadioButton.java:17)
at TestNG.VerifyRadioButton.OpenBrowser(VerifyRadioButton.java:17)
at TestNG.VerifyRadioButton.OpenBrowser(VerifyRadioButton.java:17)
at TestNG.VerifyRadioButton.OpenBrowser(VerifyRadioButton.java:17)
at TestNG.VerifyRadioButton.OpenBrowser(VerifyRadioButton.java:17)
at TestNG.VerifyRadioButton.OpenBrowser(VerifyRadioButton.java:17)
at TestNG.VerifyRadioButton.OpenBrowser(VerifyRadioButton.java:17)
at TestNG.VerifyRadioButton.OpenBrowser(VerifyRadioButton.java:17)
at TestNG.VerifyRadioButton.OpenBrowser(VerifyRadioButton.java:17)
at TestNG.VerifyRadioButton.OpenBrowser(VerifyRadioButton.java:17)
at TestNG.VerifyRadioButton.OpenBrowser(VerifyRadioButton.java:17)
at TestNG.VerifyRadioButton.OpenBrowser(VerifyRadioButton.java:17)
at TestNG.VerifyRadioButton.OpenBrowser(VerifyRadioButton.java:17)
at TestNG.VerifyRadioButton.OpenBrowser(VerifyRadioButton.java:17)
at TestNG.VerifyRadioButton.OpenBrowser(VerifyRadioButton.java:17)
at TestNG.VerifyRadioButton.OpenBrowser(VerifyRadioButton.java:17)
at TestNG.VerifyRadioButton.OpenBrowser(VerifyRadioButton.java:17)
at TestNG.VerifyRadioButton.OpenBrowser(VerifyRadioButton.java:17)
at TestNG.VerifyRadioButton.OpenBrowser(VerifyRadioButton.java:17)
at TestNG.VerifyRadioButton.OpenBrowser(VerifyRadioButton.java:17)
at TestNG.VerifyRadioButton.OpenBrowser(VerifyRadioButton.java:17)
at TestNG.VerifyRadioButton.OpenBrowser(VerifyRadioButton.java:17)
at TestNG.VerifyRadioButton.OpenBrowser(VerifyRadioButton.java:17)
at TestNG.VerifyRadioButton.OpenBrowser(VerifyRadioButton.java:17)
at TestNG.VerifyRadioButton.OpenBrowser(VerifyRadioButton.java:17)
at TestNG.VerifyRadioButton.OpenBrowser(VerifyRadioButton.java:17)
at TestNG.VerifyRadioButton.OpenBrowser(VerifyRadioButton.java:17)
at TestNG.VerifyRadioButton.OpenBrowser(VerifyRadioButton.java:17)
at TestNG.VerifyRadioButton.OpenBrowser(VerifyRadioButton.java:17)
at TestNG.VerifyRadioButton.OpenBrowser(VerifyRadioButton.java:17)
at TestNG.VerifyRadioButton.OpenBrowser(VerifyRadioButton.java:17)
at TestNG.VerifyRadioButton.OpenBrowser(VerifyRadioButton.java:17)
at TestNG.VerifyRadioButton.OpenBrowser(VerifyRadioButton.java:17)
at TestNG.VerifyRadioButton.OpenBrowser(VerifyRadioButton.java:17)
at TestNG.VerifyRadioButton.OpenBrowser(VerifyRadioButton.java:17)
at TestNG.VerifyRadioButton.OpenBrowser(VerifyRadioButton.java:17)
at TestNG.VerifyRadioButton.OpenBrowser(VerifyRadioButton.java:17)
at TestNG.VerifyRadioButton.OpenBrowser(VerifyRadioButton.java:17)
at TestNG.VerifyRadioButton.OpenBrowser(VerifyRadioButton.java:17)
at TestNG.VerifyRadioButton.OpenBrowser(VerifyRadioButton.java:17)
at TestNG.VerifyRadioButton.OpenBrowser(VerifyRadioButton.java:17)
at TestNG.VerifyRadioButton.OpenBrowser(VerifyRadioButton.java:17)
at TestNG.VerifyRadioButton.OpenBrowser(VerifyRadioButton.java:17)
at TestNG.VerifyRadioButton.OpenBrowser(VerifyRadioButton.java:17)
at TestNG.VerifyRadioButton.OpenBrowser(VerifyRadioButton.java:17)
at TestNG.VerifyRadioButton.OpenBrowser(VerifyRadioButton.java:17)
at TestNG.VerifyRadioButton.OpenBrowser(VerifyRadioButton.java:17)
at TestNG.VerifyRadioButton.OpenBrowser(VerifyRadioButton.java:17)
at TestNG.VerifyRadioButton.OpenBrowser(VerifyRadioButton.java:17)
at TestNG.VerifyRadioButton.OpenBrowser(VerifyRadioButton.java:17)
at TestNG.VerifyRadioButton.OpenBrowser(VerifyRadioButton.java:17)
at TestNG.VerifyRadioButton.OpenBrowser(VerifyRadioButton.java:17)
at TestNG.VerifyRadioButton.OpenBrowser(VerifyRadioButton.java:17)
at TestNG.VerifyRadioButton.OpenBrowser(VerifyRadioButton.java:17)
at TestNG.VerifyRadioButton.OpenBrowser(VerifyRadioButton.java:17)
at TestNG.VerifyRadioButton.OpenBrowser(VerifyRadioButton.java:17)
at TestNG.VerifyRadioButton.OpenBrowser(VerifyRadioButton.java:17)
at TestNG.VerifyRadioButton.OpenBrowser(VerifyRadioButton.java:17)
at TestNG.VerifyRadioButton.OpenBrowser(VerifyRadioButton.java:17)
at TestNG.VerifyRadioButton.OpenBrowser(VerifyRadioButton.java:17)
at TestNG.VerifyRadioButton.OpenBrowser(VerifyRadioButton.java:17)
at TestNG.VerifyRadioButton.OpenBrowser(VerifyRadioButton.java:17)
at TestNG.VerifyRadioButton.OpenBrowser(VerifyRadioButton.java:17)
at TestNG.VerifyRadioButton.OpenBrowser(VerifyRadioButton.java:17)
at TestNG.VerifyRadioButton.OpenBrowser(VerifyRadioButton.java:17)
at TestNG.VerifyRadioButton.OpenBrowser(VerifyRadioButton.java:17)
at TestNG.VerifyRadioButton.OpenBrowser(VerifyRadioButton.java:17)
at TestNG.VerifyRadioButton.OpenBrowser(VerifyRadioButton.java:17)
at TestNG.VerifyRadioButton.OpenBrowser(VerifyRadioButton.java:17)
at TestNG.VerifyRadioButton.OpenBrowser(VerifyRadioButton.java:17)
at TestNG.VerifyRadioButton.OpenBrowser(VerifyRadioButton.java:17)
at TestNG.VerifyRadioButton.OpenBrowser(VerifyRadioButton.java:17)
at TestNG.VerifyRadioButton.OpenBrowser(VerifyRadioButton.java:17)
at TestNG.VerifyRadioButton.OpenBrowser(VerifyRadioButton.java:17)
at TestNG.VerifyRadioButton.OpenBrowser(VerifyRadioButton.java:17)
at TestNG.VerifyRadioButton.OpenBrowser(VerifyRadioButton.java:17)
at TestNG.VerifyRadioButton.OpenBrowser(VerifyRadioButton.java:17)
at TestNG.VerifyRadioButton.OpenBrowser(VerifyRadioButton.java:17)
at TestNG.VerifyRadioButton.OpenBrowser(VerifyRadioButton.java:17)
at TestNG.VerifyRadioButton.OpenBrowser(VerifyRadioButton.java:17)
at TestNG.VerifyRadioButton.OpenBrowser(VerifyRadioButton.java:17)
at TestNG.VerifyRadioButton.OpenBrowser(VerifyRadioButton.java:17)
at TestNG.VerifyRadioButton.OpenBrowser(VerifyRadioButton.java:17)
at TestNG.VerifyRadioButton.OpenBrowser(VerifyRadioButton.java:17)
at TestNG.VerifyRadioButton.OpenBrowser(VerifyRadioButton.java:17)
at TestNG.VerifyRadioButton.OpenBrowser(VerifyRadioButton.java:17)
at TestNG.VerifyRadioButton.OpenBrowser(VerifyRadioButton.java:17)
at TestNG.VerifyRadioButton.OpenBrowser(VerifyRadioButton.java:17)
at TestNG.VerifyRadioButton.OpenBrowser(VerifyRadioButton.java:17)
at TestNG.VerifyRadioButton.OpenBrowser(VerifyRadioButton.java:17)
at TestNG.VerifyRadioButton.OpenBrowser(VerifyRadioButton.java:17)
at TestNG.VerifyRadioButton.OpenBrowser(VerifyRadioButton.java:17)
at TestNG.VerifyRadioButton.OpenBrowser(VerifyRadioButton.java:17)
at TestNG.VerifyRadioButton.OpenBrowser(VerifyRadioButton.java:17)
at TestNG.VerifyRadioButton.OpenBrowser(VerifyRadioButton.java:17)
at TestNG.VerifyRadioButton.OpenBrowser(VerifyRadioButton.java:17)
at TestNG.VerifyRadioButton.OpenBrowser(VerifyRadioButton.java:17)
at TestNG.VerifyRadioButton.OpenBrowser(VerifyRadioButton.java:17)
at TestNG.VerifyRadioButton.OpenBrowser(VerifyRadioButton.java:17)
at TestNG.VerifyRadioButton.OpenBrowser(VerifyRadioButton.java:17)
at TestNG.VerifyRadioButton.OpenBrowser(VerifyRadioButton.java:17)
at TestNG.VerifyRadioButton.OpenBrowser(VerifyRadioButton.java:17)
at TestNG.VerifyRadioButton.OpenBrowser(VerifyRadioButton.java:17)
at TestNG.VerifyRadioButton.OpenBrowser(VerifyRadioButton.java:17)
at TestNG.VerifyRadioButton.OpenBrowser(VerifyRadioButton.java:17)
at TestNG.VerifyRadioButton.OpenBrowser(VerifyRadioButton.java:17)
at TestNG.VerifyRadioButton.OpenBrowser(VerifyRadioButton.java:17)
at TestNG.VerifyRadioButton.OpenBrowser(VerifyRadioButton.java:17)
at TestNG.VerifyRadioButton.OpenBrowser(VerifyRadioButton.java:17)
at TestNG.VerifyRadioButton.OpenBrowser(VerifyRadioButton.java:17)
at TestNG.VerifyRadioButton.OpenBrowser(VerifyRadioButton.java:17)
at TestNG.VerifyRadioButton.OpenBrowser(VerifyRadioButton.java:17)
at TestNG.VerifyRadioButton.OpenBrowser(VerifyRadioButton.java:17)
at TestNG.VerifyRadioButton.OpenBrowser(VerifyRadioButton.java:17)
at TestNG.VerifyRadioButton.OpenBrowser(VerifyRadioButton.java:17)
at TestNG.VerifyRadioButton.OpenBrowser(VerifyRadioButton.java:17)
at TestNG.VerifyRadioButton.OpenBrowser(VerifyRadioButton.java:17)
at TestNG.VerifyRadioButton.OpenBrowser(VerifyRadioButton.java:17)
at TestNG.VerifyRadioButton.OpenBrowser(VerifyRadioButton.java:17)
at TestNG.VerifyRadioButton.OpenBrowser(VerifyRadioButton.java:17)
at TestNG.VerifyRadioButton.OpenBrowser(VerifyRadioButton.java:17)
at TestNG.VerifyRadioButton.OpenBrowser(VerifyRadioButton.java:17)
at TestNG.VerifyRadioButton.OpenBrowser(VerifyRadioButton.java:17)
at TestNG.VerifyRadioButton.OpenBrowser(VerifyRadioButton.java:17)
at TestNG.VerifyRadioButton.OpenBrowser(VerifyRadioButton.java:17)
at TestNG.VerifyRadioButton.OpenBrowser(VerifyRadioButton.java:17)
at TestNG.VerifyRadioButton.OpenBrowser(VerifyRadioButton.java:17)
at TestNG.VerifyRadioButton.OpenBrowser(VerifyRadioButton.java:17)
at TestNG.VerifyRadioButton.OpenBrowser(VerifyRadioButton.java:17)
at TestNG.VerifyRadioButton.OpenBrowser(VerifyRadioButton.java:17)
at TestNG.VerifyRadioButton.OpenBrowser(VerifyRadioButton.java:17)
at TestNG.VerifyRadioButton.OpenBrowser(VerifyRadioButton.java:17)
at TestNG.VerifyRadioButton.OpenBrowser(VerifyRadioButton.java:17)
at TestNG.VerifyRadioButton.OpenBrowser(VerifyRadioButton.java:17)
at TestNG.VerifyRadioButton.OpenBrowser(VerifyRadioButton.java:17)
at TestNG.VerifyRadioButton.OpenBrowser(VerifyRadioButton.java:17)
at TestNG.VerifyRadioButton.OpenBrowser(VerifyRadioButton.java:17)
at TestNG.VerifyRadioButton.OpenBrowser(VerifyRadioButton.java:17)
at TestNG.VerifyRadioButton.OpenBrowser(VerifyRadioButton.java:17)
at TestNG.VerifyRadioButton.OpenBrowser(VerifyRadioButton.java:17)
at TestNG.VerifyRadioButton.OpenBrowser(VerifyRadioButton.java:17)
at TestNG.VerifyRadioButton.OpenBrowser(VerifyRadioButton.java:17)
at TestNG.VerifyRadioButton.OpenBrowser(VerifyRadioButton.java:17)
at TestNG.VerifyRadioButton.OpenBrowser(VerifyRadioButton.java:17)
at TestNG.VerifyRadioButton.OpenBrowser(VerifyRadioButton.java:17)
at TestNG.VerifyRadioButton.OpenBrowser(VerifyRadioButton.java:17)
at TestNG.VerifyRadioButton.OpenBrowser(VerifyRadioButton.java:17)
at TestNG.VerifyRadioButton.OpenBrowser(VerifyRadioButton.java:17)
at TestNG.VerifyRadioButton.OpenBrowser(VerifyRadioButton.java:17)
at TestNG.VerifyRadioButton.OpenBrowser(VerifyRadioButton.java:17)
at TestNG.VerifyRadioButton.OpenBrowser(VerifyRadioButton.java:17)
at TestNG.VerifyRadioButton.OpenBrowser(VerifyRadioButton.java:17)
at TestNG.VerifyRadioButton.OpenBrowser(VerifyRadioButton.java:17)
at TestNG.VerifyRadioButton.OpenBrowser(VerifyRadioButton.java:17)
at TestNG.VerifyRadioButton.OpenBrowser(VerifyRadioButton.java:17)
at TestNG.VerifyRadioButton.OpenBrowser(VerifyRadioButton.java:17)
at TestNG.VerifyRadioButton.OpenBrowser(VerifyRadioButton.java:17)
at TestNG.VerifyRadioButton.OpenBrowser(VerifyRadioButton.java:17)
at TestNG.VerifyRadioButton.OpenBrowser(VerifyRadioButton.java:17)
at TestNG.VerifyRadioButton.OpenBrowser(VerifyRadioButton.java:17)
at TestNG.VerifyRadioButton.OpenBrowser(VerifyRadioButton.java:17)
at TestNG.VerifyRadioButton.OpenBrowser(VerifyRadioButton.java:17)
at TestNG.VerifyRadioButton.OpenBrowser(VerifyRadioButton.java:17)
at TestNG.VerifyRadioButton.OpenBrowser(VerifyRadioButton.java:17)
at TestNG.VerifyRadioButton.OpenBrowser(VerifyRadioButton.java:17)
at TestNG.VerifyRadioButton.OpenBrowser(VerifyRadioButton.java:17)
at TestNG.VerifyRadioButton.OpenBrowser(VerifyRadioButton.java:17)
at TestNG.VerifyRadioButton.OpenBrowser(VerifyRadioButton.java:17)
at TestNG.VerifyRadioButton.OpenBrowser(VerifyRadioButton.java:17)
at TestNG.VerifyRadioButton.OpenBrowser(VerifyRadioButton.java:17)
at TestNG.VerifyRadioButton.OpenBrowser(VerifyRadioButton.java:17)
at TestNG.VerifyRadioButton.OpenBrowser(VerifyRadioButton.java:17)
at TestNG.VerifyRadioButton.OpenBrowser(VerifyRadioButton.java:17)
at TestNG.VerifyRadioButton.OpenBrowser(VerifyRadioButton.java:17)
at TestNG.VerifyRadioButton.OpenBrowser(VerifyRadioButton.java:17)
at TestNG.VerifyRadioButton.OpenBrowser(VerifyRadioButton.java:17)
at TestNG.VerifyRadioButton.OpenBrowser(VerifyRadioButton.java:17)
at TestNG.VerifyRadioButton.OpenBrowser(VerifyRadioButton.java:17)
at TestNG.VerifyRadioButton.OpenBrowser(VerifyRadioButton.java:17)
at TestNG.VerifyRadioButton.OpenBrowser(VerifyRadioButton.java:17)
at TestNG.VerifyRadioButton.OpenBrowser(VerifyRadioButton.java:17)
at TestNG.VerifyRadioButton.OpenBrowser(VerifyRadioButton.java:17)
at TestNG.VerifyRadioButton.OpenBrowser(VerifyRadioButton.java:17)
at TestNG.VerifyRadioButton.OpenBrowser(VerifyRadioButton.java:17)
at TestNG.VerifyRadioButton.OpenBrowser(VerifyRadioButton.java:17)
at TestNG.VerifyRadioButton.OpenBrowser(VerifyRadioButton.java:17)
at TestNG.VerifyRadioButton.OpenBrowser(VerifyRadioButton.java:17)
at TestNG.VerifyRadioButton.OpenBrowser(VerifyRadioButton.java:17)
at TestNG.VerifyRadioButton.OpenBrowser(VerifyRadioButton.java:17)
at TestNG.VerifyRadioButton.OpenBrowser(VerifyRadioButton.java:17)
at TestNG.VerifyRadioButton.OpenBrowser(VerifyRadioButton.java:17)
at TestNG.VerifyRadioButton.OpenBrowser(VerifyRadioButton.java:17)
at TestNG.VerifyRadioButton.OpenBrowser(VerifyRadioButton.java:17)
at TestNG.VerifyRadioButton.OpenBrowser(VerifyRadioButton.java:17)
at TestNG.VerifyRadioButton.OpenBrowser(VerifyRadioButton.java:17)
at TestNG.VerifyRadioButton.OpenBrowser(VerifyRadioButton.java:17)
at TestNG.VerifyRadioButton.OpenBrowser(VerifyRadioButton.java:17)
at TestNG.VerifyRadioButton.OpenBrowser(VerifyRadioButton.java:17)
at TestNG.VerifyRadioButton.OpenBrowser(VerifyRadioButton.java:17)
at TestNG.VerifyRadioButton.OpenBrowser(VerifyRadioButton.java:17)
at TestNG.VerifyRadioButton.OpenBrowser(VerifyRadioButton.java:17)
at TestNG.VerifyRadioButton.OpenBrowser(VerifyRadioButton.java:17)
at TestNG.VerifyRadioButton.OpenBrowser(VerifyRadioButton.java:17)
at TestNG.VerifyRadioButton.OpenBrowser(VerifyRadioButton.java:17)
at TestNG.VerifyRadioButton.OpenBrowser(VerifyRadioButton.java:17)
at TestNG.VerifyRadioButton.OpenBrowser(VerifyRadioButton.java:17)
at TestNG.VerifyRadioButton.OpenBrowser(VerifyRadioButton.java:17)
at TestNG.VerifyRadioButton.OpenBrowser(VerifyRadioButton.java:17)
at TestNG.VerifyRadioButton.OpenBrowser(VerifyRadioButton.java:17)
at TestNG.VerifyRadioButton.OpenBrowser(VerifyRadioButton.java:17)
at TestNG.VerifyRadioButton.OpenBrowser(VerifyRadioButton.java:17)
at TestNG.VerifyRadioButton.OpenBrowser(VerifyRadioButton.java:17)
at TestNG.VerifyRadioButton.OpenBrowser(VerifyRadioButton.java:17)
at TestNG.VerifyRadioButton.OpenBrowser(VerifyRadioButton.java:17)
at TestNG.VerifyRadioButton.OpenBrowser(VerifyRadioButton.java:17)
at TestNG.VerifyRadioButton.OpenBrowser(VerifyRadioButton.java:17)
at TestNG.VerifyRadioButton.OpenBrowser(VerifyRadioButton.java:17)
at TestNG.VerifyRadioButton.OpenBrowser(VerifyRadioButton.java:17)
at TestNG.VerifyRadioButton.OpenBrowser(VerifyRadioButton.java:17)
at TestNG.VerifyRadioButton.OpenBrowser(VerifyRadioButton.java:17)
at TestNG.VerifyRadioButton.OpenBrowser(VerifyRadioButton.java:17)
at TestNG.VerifyRadioButton.OpenBrowser(VerifyRadioButton.java:17)
at TestNG.VerifyRadioButton.OpenBrowser(VerifyRadioButton.java:17)
at TestNG.VerifyRadioButton.OpenBrowser(VerifyRadioButton.java:17)
at TestNG.VerifyRadioButton.OpenBrowser(VerifyRadioButton.java:17)
at TestNG.VerifyRadioButton.OpenBrowser(VerifyRadioButton.java:17)
at TestNG.VerifyRadioButton.OpenBrowser(VerifyRadioButton.java:17)
at TestNG.VerifyRadioButton.OpenBrowser(VerifyRadioButton.java:17)
at TestNG.VerifyRadioButton.OpenBrowser(VerifyRadioButton.java:17)
at TestNG.VerifyRadioButton.OpenBrowser(VerifyRadioButton.java:17)
at TestNG.VerifyRadioButton.OpenBrowser(VerifyRadioButton.java:17)
at TestNG.VerifyRadioButton.OpenBrowser(VerifyRadioButton.java:17)
at TestNG.VerifyRadioButton.OpenBrowser(VerifyRadioButton.java:17)
at TestNG.VerifyRadioButton.OpenBrowser(VerifyRadioButton.java:17)
at TestNG.VerifyRadioButton.OpenBrowser(VerifyRadioButton.java:17)
at TestNG.VerifyRadioButton.OpenBrowser(VerifyRadioButton.java:17)
at TestNG.VerifyRadioButton.OpenBrowser(VerifyRadioButton.java:17)
at TestNG.VerifyRadioButton.OpenBrowser(VerifyRadioButton.java:17)
at TestNG.VerifyRadioButton.OpenBrowser(VerifyRadioButton.java:17)
at TestNG.VerifyRadioButton.OpenBrowser(VerifyRadioButton.java:17)
at TestNG.VerifyRadioButton.OpenBrowser(VerifyRadioButton.java:17)
at TestNG.VerifyRadioButton.OpenBrowser(VerifyRadioButton.java:17)
at TestNG.VerifyRadioButton.OpenBrowser(VerifyRadioButton.java:17)
at TestNG.VerifyRadioButton.OpenBrowser(VerifyRadioButton.java:17)
at TestNG.VerifyRadioButton.OpenBrowser(VerifyRadioButton.java:17)
at TestNG.VerifyRadioButton.OpenBrowser(VerifyRadioButton.java:17)
at TestNG.VerifyRadioButton.OpenBrowser(VerifyRadioButton.java:17)
at TestNG.VerifyRadioButton.OpenBrowser(VerifyRadioButton.java:17)
at TestNG.VerifyRadioButton.OpenBrowser(VerifyRadioButton.java:17)
at TestNG.VerifyRadioButton.OpenBrowser(VerifyRadioButton.java:17)
at TestNG.VerifyRadioButton.OpenBrowser(VerifyRadioButton.java:17)
at TestNG.VerifyRadioButton.OpenBrowser(VerifyRadioButton.java:17)
at TestNG.VerifyRadioButton.OpenBrowser(VerifyRadioButton.java:17)
at TestNG.VerifyRadioButton.OpenBrowser(VerifyRadioButton.java:17)
at TestNG.VerifyRadioButton.OpenBrowser(VerifyRadioButton.java:17)
at TestNG.VerifyRadioButton.OpenBrowser(VerifyRadioButton.java:17)
at TestNG.VerifyRadioButton.OpenBrowser(VerifyRadioButton.java:17)
at TestNG.VerifyRadioButton.OpenBrowser(VerifyRadioButton.java:17)
at TestNG.VerifyRadioButton.OpenBrowser(VerifyRadioButton.java:17)
at TestNG.VerifyRadioButton.OpenBrowser(VerifyRadioButton.java:17)
at TestNG.VerifyRadioButton.OpenBrowser(VerifyRadioButton.java:17)
at TestNG.VerifyRadioButton.OpenBrowser(VerifyRadioButton.java:17)
at TestNG.VerifyRadioButton.OpenBrowser(VerifyRadioButton.java:17)
at TestNG.VerifyRadioButton.OpenBrowser(VerifyRadioButton.java:17)
at TestNG.VerifyRadioButton.OpenBrowser(VerifyRadioButton.java:17)
at TestNG.VerifyRadioButton.OpenBrowser(VerifyRadioButton.java:17)
at TestNG.VerifyRadioButton.OpenBrowser(VerifyRadioButton.java:17)
]]>
    </error>
  </testcase> <!-- OpenBrowser -->
  <testcase name="NvigateToURL" time="0.002" classname="TestNG.VerifyRadioButton">
    <error type="java.lang.NullPointerException">
      <![CDATA[java.lang.NullPointerException
at Utilities.GenericMethods.NavigateToURL(GenericMethods.java:75)
at TestNG.VerifyRadioButton.NvigateToURL(VerifyRadioButton.java:22)
at sun.reflect.NativeMethodAccessorImpl.invoke0(Native Method)
at sun.reflect.NativeMethodAccessorImpl.invoke(Unknown Source)
at sun.reflect.DelegatingMethodAccessorImpl.invoke(Unknown Source)
at java.lang.reflect.Method.invoke(Unknown Source)
at org.testng.internal.MethodInvocationHelper.invokeMethod(MethodInvocationHelper.java:124)
at org.testng.internal.Invoker.invokeMethod(Invoker.java:583)
at org.testng.internal.Invoker.invokeTestMethod(Invoker.java:719)
at org.testng.internal.Invoker.invokeTestMethods(Invoker.java:989)
at org.testng.internal.TestMethodWorker.invokeTestMethods(TestMethodWorker.java:125)
at org.testng.internal.TestMethodWorker.run(TestMethodWorker.java:109)
at org.testng.TestRunner.privateRun(TestRunner.java:648)
at org.testng.TestRunner.run(TestRunner.java:505)
at org.testng.SuiteRunner.runTest(SuiteRunner.java:455)
at org.testng.SuiteRunner.runSequentially(SuiteRunner.java:450)
at org.testng.SuiteRunner.privateRun(SuiteRunner.java:415)
at org.testng.SuiteRunner.run(SuiteRunner.java:364)
at org.testng.SuiteRunnerWorker.runSuite(SuiteRunnerWorker.java:52)
at org.testng.SuiteRunnerWorker.run(SuiteRunnerWorker.java:84)
at org.testng.TestNG.runSuitesSequentially(TestNG.java:1208)
at org.testng.TestNG.runSuitesLocally(TestNG.java:1137)
at org.testng.TestNG.runSuites(TestNG.java:1049)
at org.testng.TestNG.run(TestNG.java:1017)
at org.testng.remote.AbstractRemoteTestNG.run(AbstractRemoteTestNG.java:114)
at org.testng.remote.RemoteTestNG.initAndRun(RemoteTestNG.java:251)
at org.testng.remote.RemoteTestNG.main(RemoteTestNG.java:77)
]]>
    </error>
  </testcase> <!-- NvigateToURL -->
  <testcase name="VerifyGenderRadioButtonDisplayingOrNot" time="0.010" classname="TestNG.VerifyRadioButton">
    <error type="java.lang.NullPointerException">
      <![CDATA[java.lang.NullPointerException
at Utilities.GenericMethods.FindWebElemenetByXpath(GenericMethods.java:248)
at TestNG.VerifyRadioButton.VerifyGenderRadioButtonDisplayingOrNot(VerifyRadioButton.java:27)
at sun.reflect.NativeMethodAccessorImpl.invoke0(Native Method)
at sun.reflect.NativeMethodAccessorImpl.invoke(Unknown Source)
at sun.reflect.DelegatingMethodAccessorImpl.invoke(Unknown Source)
at java.lang.reflect.Method.invoke(Unknown Source)
at org.testng.internal.MethodInvocationHelper.invokeMethod(MethodInvocationHelper.java:124)
at org.testng.internal.Invoker.invokeMethod(Invoker.java:583)
at org.testng.internal.Invoker.invokeTestMethod(Invoker.java:719)
at org.testng.internal.Invoker.invokeTestMethods(Invoker.java:989)
at org.testng.internal.TestMethodWorker.invokeTestMethods(TestMethodWorker.java:125)
at org.testng.internal.TestMethodWorker.run(TestMethodWorker.java:109)
at org.testng.TestRunner.privateRun(TestRunner.java:648)
at org.testng.TestRunner.run(TestRunner.java:505)
at org.testng.SuiteRunner.runTest(SuiteRunner.java:455)
at org.testng.SuiteRunner.runSequentially(SuiteRunner.java:450)
at org.testng.SuiteRunner.privateRun(SuiteRunner.java:415)
at org.testng.SuiteRunner.run(SuiteRunner.java:364)
at org.testng.SuiteRunnerWorker.runSuite(SuiteRunnerWorker.java:52)
at org.testng.SuiteRunnerWorker.run(SuiteRunnerWorker.java:84)
at org.testng.TestNG.runSuitesSequentially(TestNG.java:1208)
at org.testng.TestNG.runSuitesLocally(TestNG.java:1137)
at org.testng.TestNG.runSuites(TestNG.java:1049)
at org.testng.TestNG.run(TestNG.java:1017)
at org.testng.remote.AbstractRemoteTestNG.run(AbstractRemoteTestNG.java:114)
at org.testng.remote.RemoteTestNG.initAndRun(RemoteTestNG.java:251)
at org.testng.remote.RemoteTestNG.main(RemoteTestNG.java:77)
]]>
    </error>
  </testcase> <!-- VerifyGenderRadioButtonDisplayingOrNot -->
  <testcase name="CloseBrowser" time="0.001" classname="TestNG.VerifyRadioButton">
    <error type="java.lang.NullPointerException">
      <![CDATA[java.lang.NullPointerException
at Utilities.GenericMethods.CloseCurrentWindow(GenericMethods.java:110)
at TestNG.VerifyRadioButton.CloseBrowser(VerifyRadioButton.java:44)
at sun.reflect.NativeMethodAccessorImpl.invoke0(Native Method)
at sun.reflect.NativeMethodAccessorImpl.invoke(Unknown Source)
at sun.reflect.DelegatingMethodAccessorImpl.invoke(Unknown Source)
at java.lang.reflect.Method.invoke(Unknown Source)
at org.testng.internal.MethodInvocationHelper.invokeMethod(MethodInvocationHelper.java:124)
at org.testng.internal.Invoker.invokeMethod(Invoker.java:583)
at org.testng.internal.Invoker.invokeTestMethod(Invoker.java:719)
at org.testng.internal.Invoker.invokeTestMethods(Invoker.java:989)
at org.testng.internal.TestMethodWorker.invokeTestMethods(TestMethodWorker.java:125)
at org.testng.internal.TestMethodWorker.run(TestMethodWorker.java:109)
at org.testng.TestRunner.privateRun(TestRunner.java:648)
at org.testng.TestRunner.run(TestRunner.java:505)
at org.testng.SuiteRunner.runTest(SuiteRunner.java:455)
at org.testng.SuiteRunner.runSequentially(SuiteRunner.java:450)
at org.testng.SuiteRunner.privateRun(SuiteRunner.java:415)
at org.testng.SuiteRunner.run(SuiteRunner.java:364)
at org.testng.SuiteRunnerWorker.runSuite(SuiteRunnerWorker.java:52)
at org.testng.SuiteRunnerWorker.run(SuiteRunnerWorker.java:84)
at org.testng.TestNG.runSuitesSequentially(TestNG.java:1208)
at org.testng.TestNG.runSuitesLocally(TestNG.java:1137)
at org.testng.TestNG.runSuites(TestNG.java:1049)
at org.testng.TestNG.run(TestNG.java:1017)
at org.testng.remote.AbstractRemoteTestNG.run(AbstractRemoteTestNG.java:114)
at org.testng.remote.RemoteTestNG.initAndRun(RemoteTestNG.java:251)
at org.testng.remote.RemoteTestNG.main(RemoteTestNG.java:77)
]]>
    </error>
  </testcase> <!-- CloseBrowser -->
</testsuite> <!-- TestNG.VerifyRadioButton -->
