<?xml version="1.0" encoding="UTF-8"?>
<!-- Generated by org.testng.reporters.JUnitReportReporter -->
<testsuite skipped="0" hostname="DESKTOP-GHD7SM5" name="HomeScreen.HomePage" tests="1" failures="0" timestamp="16 Dec 2024 02:18:06 GMT" time="15.174" errors="0">
  <testcase name="OpenBrowserWithName" time="15.174" classname="HomeScreen.HomePage"/>
</testsuite> <!-- HomeScreen.HomePage -->
