<?xml version="1.0" encoding="UTF-8"?>
<!-- Generated by org.testng.reporters.JUnitReportReporter -->
<testsuite skipped="0" hostname="DESKTOP-GHD7SM5" name="TestNG.DragandDropWeblement" tests="1" failures="0" timestamp="03 Jan 2025 02:04:00 GMT" time="7.065" errors="0">
  <testcase name="DoubleclickOnWebElement" time="7.065" classname="TestNG.DragandDropWeblement"/>
</testsuite> <!-- TestNG.DragandDropWeblement -->
