<?xml version="1.0" encoding="UTF-8"?>
<!-- Generated by org.testng.reporters.JUnitReportReporter -->
<testsuite skipped="0" hostname="DESKTOP-GHD7SM5" name="TestNG.FileUploadUsingRobot" tests="1" failures="0" timestamp="03 Jan 2025 02:30:54 GMT" time="12.388" errors="0">
  <testcase name="UploadFile" time="12.388" classname="TestNG.FileUploadUsingRobot"/>
</testsuite> <!-- TestNG.FileUploadUsingRobot -->
