<?xml version="1.0" encoding="UTF-8"?>
<!-- Generated by org.testng.reporters.JUnitReportReporter -->
<testsuite skipped="0" hostname="DESKTOP-GHD7SM5" name="TestNG.BeforeTestAfterTest" tests="4" failures="0" timestamp="28 Dec 2024 02:46:21 GMT" time="4.934" errors="0">
  <testcase name="NvigateToURL" time="2.951" classname="TestNG.BeforeTestAfterTest"/>
  <testcase name="NvigateToURL" time="1.583" classname="TestNG.BeforeTestAfterTest"/>
  <testcase name="VerifyGenderRadioButtonDisplayingOrNot" time="0.270" classname="TestNG.BeforeTestAfterTest"/>
  <testcase name="VerifyGenderRadioButtonDisplayingOrNot" time="0.130" classname="TestNG.BeforeTestAfterTest"/>
</testsuite> <!-- TestNG.BeforeTestAfterTest -->
