<?xml version="1.0" encoding="UTF-8"?>
<!-- Generated by org.testng.reporters.JUnitReportReporter -->
<testsuite skipped="0" hostname="DESKTOP-GHD7SM5" name="TestScripts.ECOMMERCETest" tests="6" failures="0" timestamp="10 Jan 2025 02:15:24 GMT" time="114.600" errors="0">
  <testcase name="VerifyUserNavigatingToWebsiteOrNot" time="37.195" classname="TestScripts.ECOMMERCETest"/>
  <testcase name="VerifySignUp" time="15.415" classname="TestScripts.ECOMMERCETest"/>
  <testcase name="VerifyLogin" time="24.519" classname="TestScripts.ECOMMERCETest"/>
  <testcase name="ClickOnProductandVerifyProductView" time="10.456" classname="TestScripts.ECOMMERCETest"/>
  <testcase name="VerifAddtoCartandProceedtoBuy" time="12.702" classname="TestScripts.ECOMMERCETest"/>
  <testcase name="ConfirmAddressandPlaceOrder" time="14.313" classname="TestScripts.ECOMMERCETest"/>
</testsuite> <!-- TestScripts.ECOMMERCETest -->
