<?xml version="1.0" encoding="UTF-8"?>
<!-- Generated by org.testng.reporters.JUnitReportReporter -->
<testsuite skipped="0" hostname="DESKTOP-GHD7SM5" name="TestNG.GetDataFromPropertiesFile" tests="1" failures="0" timestamp="04 Jan 2025 02:26:41 GMT" time="0.115" errors="0">
  <testcase name="GetDataFromPropertiesFiles" time="0.115" classname="TestNG.GetDataFromPropertiesFile"/>
</testsuite> <!-- TestNG.GetDataFromPropertiesFile -->
