<?xml version="1.0" encoding="UTF-8"?>
<!-- Generated by org.testng.reporters.JUnitReportReporter -->
<testsuite skipped="0" hostname="DESKTOP-GHD7SM5" name="Utilities.WorkingwithAlerts" tests="1" failures="0" timestamp="31 Dec 2024 02:14:14 GMT" time="9.360" errors="0">
  <testcase name="openbrowser" time="9.360" classname="Utilities.WorkingwithAlerts"/>
</testsuite> <!-- Utilities.WorkingwithAlerts -->
