<?xml version="1.0" encoding="UTF-8"?>
<!-- Generated by org.testng.reporters.JUnitReportReporter -->
<testsuite skipped="0" hostname="DESKTOP-GHD7SM5" name="TestNG.AllAnnotations" tests="2" failures="0" timestamp="28 Dec 2024 02:43:17 GMT" time="3.983" errors="0">
  <testcase name="ActualTest1" time="3.980" classname="TestNG.AllAnnotations"/>
  <testcase name="ActualTest2" time="0.003" classname="TestNG.AllAnnotations"/>
</testsuite> <!-- TestNG.AllAnnotations -->
