<?xml version="1.0" encoding="UTF-8"?>
<!-- Generated by org.testng.reporters.JUnitReportReporter -->
<testsuite skipped="0" hostname="DESKTOP-GHD7SM5" name="TestNG.Parameters" tests="1" failures="0" timestamp="28 Dec 2024 02:30:50 GMT" time="3.335" errors="0">
  <testcase name="openBrowser" time="3.335" classname="TestNG.Parameters"/>
</testsuite> <!-- TestNG.Parameters -->
