<?xml version="1.0" encoding="UTF-8"?>
<!-- Generated by org.testng.reporters.JUnitReportReporter -->
<testsuite skipped="0" hostname="DESKTOP-GHD7SM5" name="HomeScreen.TutorialsDemo" tests="17" failures="0" timestamp="28 Dec 2024 02:43:17 GMT" time="13.125" errors="1">
  <testcase name="OpenBrowserWithName" time="6.871" classname="HomeScreen.TutorialsDemo"/>
  <testcase name="PrintNumberOfDropDownsInPage" time="0.093" classname="HomeScreen.TutorialsDemo"/>
  <testcase name="PrintNumberOfLinksinPage" time="0.064" classname="HomeScreen.TutorialsDemo"/>
  <testcase name="EnterValuesintoNameFiled" time="0.328" classname="HomeScreen.TutorialsDemo"/>
  <testcase name="EnterValuesIntoNameTextFieldWithXpath" time="0.130" classname="HomeScreen.TutorialsDemo"/>
  <testcase name="EneterValuesIntoEmail" time="0.177" classname="HomeScreen.TutorialsDemo"/>
  <testcase name="ClickonName" time="0.190" classname="HomeScreen.TutorialsDemo"/>
  <testcase name="EnterName" time="0.227" classname="HomeScreen.TutorialsDemo"/>
  <testcase name="CleartextInName" time="3.205" classname="HomeScreen.TutorialsDemo"/>
  <testcase name="GetTextOfLink" time="0.062" classname="HomeScreen.TutorialsDemo"/>
  <testcase name="GetLocationXandYofWebElement" time="0.095" classname="HomeScreen.TutorialsDemo"/>
  <testcase name="getPlaceHolderValuesOfNameFiled" time="0.100" classname="HomeScreen.TutorialsDemo"/>
  <testcase name="VerifyUploadFileOptionEnabledorNot" time="0.132" classname="HomeScreen.TutorialsDemo"/>
  <testcase name="VerifyUploadFileOptionDisplayedorNot" time="0.114" classname="HomeScreen.TutorialsDemo"/>
  <testcase name="VerifySportsCheckBoxIsSelectedorNot" time="0.559" classname="HomeScreen.TutorialsDemo"/>
  <testcase name="SelectStateRajastanandCityAgra" time="0.718" classname="HomeScreen.TutorialsDemo"/>
  <testcase name="DeSelectStateRajastanandCityAgra" time="0.060" classname="HomeScreen.TutorialsDemo">
    <error type="java.lang.UnsupportedOperationException" message="You may only deselect options of a multi-select">
      <![CDATA[java.lang.UnsupportedOperationException: You may only deselect options of a multi-select
at org.openqa.selenium.support.ui.Select.deselectByIndex(Select.java:244)
at Utilities.GenericMethods.DeSelectOptionInDropDownByIndex(GenericMethods.java:327)
at HomeScreen.TutorialsDemo.DeSelectStateRajastanandCityAgra(TutorialsDemo.java:162)
at sun.reflect.NativeMethodAccessorImpl.invoke0(Native Method)
at sun.reflect.NativeMethodAccessorImpl.invoke(Unknown Source)
at sun.reflect.DelegatingMethodAccessorImpl.invoke(Unknown Source)
at java.lang.reflect.Method.invoke(Unknown Source)
at org.testng.internal.MethodInvocationHelper.invokeMethod(MethodInvocationHelper.java:124)
at org.testng.internal.Invoker.invokeMethod(Invoker.java:583)
at org.testng.internal.Invoker.invokeTestMethod(Invoker.java:719)
at org.testng.internal.Invoker.invokeTestMethods(Invoker.java:989)
at org.testng.internal.TestMethodWorker.invokeTestMethods(TestMethodWorker.java:125)
at org.testng.internal.TestMethodWorker.run(TestMethodWorker.java:109)
at java.util.concurrent.ThreadPoolExecutor.runWorker(Unknown Source)
at java.util.concurrent.ThreadPoolExecutor$Worker.run(Unknown Source)
at java.lang.Thread.run(Unknown Source)
]]>
    </error>
  </testcase> <!-- DeSelectStateRajastanandCityAgra -->
</testsuite> <!-- HomeScreen.TutorialsDemo -->
