<?xml version="1.0" encoding="UTF-8"?>
<!-- Generated by org.testng.reporters.JUnitReportReporter -->
<testsuite skipped="0" hostname="DESKTOP-GHD7SM5" name="TestNG.ActionDoubleClick" tests="1" failures="0" timestamp="03 Jan 2025 01:51:11 GMT" time="10.212" errors="0">
  <testcase name="DoubleclickOnWebElement" time="10.212" classname="TestNG.ActionDoubleClick"/>
</testsuite> <!-- TestNG.ActionDoubleClick -->
