<?xml version="1.0" encoding="UTF-8"?>
<!-- Generated by org.testng.reporters.JUnitReportReporter -->
<testsuite skipped="0" hostname="DESKTOP-GHD7SM5" name="Utilities.GenericMethods" tests="2" failures="0" timestamp="11 Dec 2024 02:03:54 GMT" time="4.206" errors="0">
  <testcase name="setup_Browser" time="1.237" classname="Utilities.GenericMethods"/>
  <testcase name="OpenBrowser" time="2.969" classname="Utilities.GenericMethods"/>
</testsuite> <!-- Utilities.GenericMethods -->
